Release 14.7 - xst P.20131013 (lin64)
Copyright (c) 1995-2013 Xilinx, Inc.  All rights reserved.
--> 
Parameter TMPDIR set to xst/projnav.tmp


Total REAL time to Xst completion: 0.00 secs
Total CPU time to Xst completion: 0.04 secs
 
--> 
Parameter xsthdpdir set to xst


Total REAL time to Xst completion: 0.00 secs
Total CPU time to Xst completion: 0.04 secs
 
--> 
Reading design: finite.prj

TABLE OF CONTENTS
  1) Synthesis Options Summary
  2) HDL Compilation
  3) Design Hierarchy Analysis
  4) HDL Analysis
  5) HDL Synthesis
     5.1) HDL Synthesis Report
  6) Advanced HDL Synthesis
     6.1) Advanced HDL Synthesis Report
  7) Low Level Synthesis
  8) Partition Report
  9) Final Report
	9.1) Device utilization summary
	9.2) Partition Resource Summary
	9.3) TIMING REPORT


=========================================================================
*                      Synthesis Options Summary                        *
=========================================================================
---- Source Parameters
Input File Name                    : "finite.prj"
Input Format                       : mixed
Ignore Synthesis Constraint File   : NO

---- Target Parameters
Output File Name                   : "finite"
Output Format                      : NGC
Target Device                      : xc3s500e-4-fg320

---- Source Options
Top Module Name                    : finite
Automatic FSM Extraction           : YES
FSM Encoding Algorithm             : Auto
Safe Implementation                : No
FSM Style                          : LUT
RAM Extraction                     : Yes
RAM Style                          : Auto
ROM Extraction                     : Yes
Mux Style                          : Auto
Decoder Extraction                 : YES
Priority Encoder Extraction        : Yes
Shift Register Extraction          : YES
Logical Shifter Extraction         : YES
XOR Collapsing                     : YES
ROM Style                          : Auto
Mux Extraction                     : Yes
Resource Sharing                   : YES
Asynchronous To Synchronous        : NO
Multiplier Style                   : Auto
Automatic Register Balancing       : No

---- Target Options
Add IO Buffers                     : YES
Global Maximum Fanout              : 500
Add Generic Clock Buffer(BUFG)     : 24
Register Duplication               : YES
Slice Packing                      : YES
Optimize Instantiated Primitives   : NO
Use Clock Enable                   : Yes
Use Synchronous Set                : Yes
Use Synchronous Reset              : Yes
Pack IO Registers into IOBs        : Auto
Equivalent register Removal        : YES

---- General Options
Optimization Goal                  : Speed
Optimization Effort                : 1
Keep Hierarchy                     : No
Netlist Hierarchy                  : As_Optimized
RTL Output                         : Yes
Global Optimization                : AllClockNets
Read Cores                         : YES
Write Timing Constraints           : NO
Cross Clock Analysis               : NO
Hierarchy Separator                : /
Bus Delimiter                      : <>
Case Specifier                     : Maintain
Slice Utilization Ratio            : 100
BRAM Utilization Ratio             : 100
Verilog 2001                       : YES
Auto BRAM Packing                  : NO
Slice Utilization Ratio Delta      : 5

=========================================================================


=========================================================================
*                          HDL Compilation                              *
=========================================================================
Compiling verilog file "finite.v" in library work
Module <finite> compiled
No errors in compilation
Analysis of file <"finite.prj"> succeeded.
 

=========================================================================
*                     Design Hierarchy Analysis                         *
=========================================================================
Analyzing hierarchy for module <finite> in library <work>.


=========================================================================
*                            HDL Analysis                               *
=========================================================================
Analyzing top module <finite>.
WARNING:Xst:2320 - "finite.v" line 58: Value for signal last_input in initial block is not constant. The initialization will be ignored.
Module <finite> is correct for synthesis.
 

=========================================================================
*                           HDL Synthesis                               *
=========================================================================

Performing bidirectional port resolution...

Synthesizing Unit <finite>.
    Related source file is "finite.v".
WARNING:Xst:1781 - Signal <microcode> is used but never assigned. Tied to default value.
WARNING:Xst:1781 - Signal <disrom2> is used but never assigned. Tied to default value.
WARNING:Xst:1781 - Signal <disrom1> is used but never assigned. Tied to default value.
WARNING:Xst:646 - Signal <branch_control> is assigned but never used. This unconnected signal will be trimmed during the optimization process.
    Found 13x3-bit ROM for signal <$old_branch_control_1>.
    Found 4x8-bit ROM for signal <last_input$rom0000>.
    Found 4x8-bit ROM for signal <Y$rom0000>.
    Found 4-bit register for signal <final_state>.
    Found 32-bit up counter for signal <counter>.
    Found 2-bit comparator not equal for signal <counter$cmp_ne0000> created at line 88.
    Found 4-bit adder for signal <final_state$add0000> created at line 67.
    Found 2-bit comparator equal for signal <final_state$cmp_eq0000> created at line 88.
    Found 4-bit register for signal <initial_state>.
    Found 2-bit register for signal <last_input>.
    Summary:
	inferred   3 ROM(s).
	inferred   1 Counter(s).
	inferred  10 D-type flip-flop(s).
	inferred   1 Adder/Subtractor(s).
	inferred   2 Comparator(s).
Unit <finite> synthesized.


=========================================================================
HDL Synthesis Report

Macro Statistics
# ROMs                                                 : 3
 13x3-bit ROM                                          : 1
 4x8-bit ROM                                           : 2
# Adders/Subtractors                                   : 1
 4-bit adder                                           : 1
# Counters                                             : 1
 32-bit up counter                                     : 1
# Registers                                            : 3
 2-bit register                                        : 1
 4-bit register                                        : 2
# Comparators                                          : 2
 2-bit comparator equal                                : 1
 2-bit comparator not equal                            : 1

=========================================================================

=========================================================================
*                       Advanced HDL Synthesis                          *
=========================================================================


Synthesizing (advanced) Unit <finite>.
INFO:Xst:3034 - In order to maximize performance and save block RAM resources, the small ROM <Mrom_last_input_rom0000> will be implemented on LUT. If you want to force its implementation on block, use option/constraint rom_style.
INFO:Xst:3034 - In order to maximize performance and save block RAM resources, the small ROM <Mrom__old_branch_control_1> will be implemented on LUT. If you want to force its implementation on block, use option/constraint rom_style.
Unit <finite> synthesized (advanced).

=========================================================================
Advanced HDL Synthesis Report

Macro Statistics
# ROMs                                                 : 3
 13x3-bit ROM                                          : 1
 4x8-bit ROM                                           : 2
# Adders/Subtractors                                   : 1
 4-bit adder                                           : 1
# Counters                                             : 1
 32-bit up counter                                     : 1
# Registers                                            : 10
 Flip-Flops                                            : 10
# Comparators                                          : 2
 2-bit comparator equal                                : 1
 2-bit comparator not equal                            : 1

=========================================================================

=========================================================================
*                         Low Level Synthesis                           *
=========================================================================

Optimizing unit <finite> ...
INFO:Xst:2261 - The FF/Latch <initial_state_2> in Unit <finite> is equivalent to the following FF/Latch, which will be removed : <final_state_2> 
INFO:Xst:2261 - The FF/Latch <initial_state_0> in Unit <finite> is equivalent to the following FF/Latch, which will be removed : <final_state_0> 
INFO:Xst:2261 - The FF/Latch <initial_state_1> in Unit <finite> is equivalent to the following FF/Latch, which will be removed : <final_state_1> 
INFO:Xst:2261 - The FF/Latch <initial_state_3> in Unit <finite> is equivalent to the following FF/Latch, which will be removed : <final_state_3> 
INFO:Xst:2261 - The FF/Latch <initial_state_0> in Unit <finite> is equivalent to the following FF/Latch, which will be removed : <final_state_0> 
INFO:Xst:2261 - The FF/Latch <initial_state_1> in Unit <finite> is equivalent to the following FF/Latch, which will be removed : <final_state_1> 
INFO:Xst:2261 - The FF/Latch <initial_state_2> in Unit <finite> is equivalent to the following FF/Latch, which will be removed : <final_state_2> 
INFO:Xst:2261 - The FF/Latch <initial_state_3> in Unit <finite> is equivalent to the following FF/Latch, which will be removed : <final_state_3> 
INFO:Xst:2261 - The FF/Latch <initial_state_2> in Unit <finite> is equivalent to the following FF/Latch, which will be removed : <final_state_2> 
INFO:Xst:2261 - The FF/Latch <initial_state_0> in Unit <finite> is equivalent to the following FF/Latch, which will be removed : <final_state_0> 
INFO:Xst:2261 - The FF/Latch <initial_state_1> in Unit <finite> is equivalent to the following FF/Latch, which will be removed : <final_state_1> 
INFO:Xst:2261 - The FF/Latch <initial_state_3> in Unit <finite> is equivalent to the following FF/Latch, which will be removed : <final_state_3> 
INFO:Xst:2261 - The FF/Latch <initial_state_2> in Unit <finite> is equivalent to the following FF/Latch, which will be removed : <final_state_2> 
INFO:Xst:2261 - The FF/Latch <initial_state_0> in Unit <finite> is equivalent to the following FF/Latch, which will be removed : <final_state_0> 
INFO:Xst:2261 - The FF/Latch <initial_state_1> in Unit <finite> is equivalent to the following FF/Latch, which will be removed : <final_state_1> 
INFO:Xst:2261 - The FF/Latch <initial_state_3> in Unit <finite> is equivalent to the following FF/Latch, which will be removed : <final_state_3> 

Mapping all equations...
Building and optimizing final netlist ...
Found area constraint ratio of 100 (+ 5) on block finite, actual ratio is 0.

Final Macro Processing ...

=========================================================================
Final Register Report

Macro Statistics
# Registers                                            : 38
 Flip-Flops                                            : 38

=========================================================================

=========================================================================
*                           Partition Report                            *
=========================================================================

Partition Implementation Status
-------------------------------

  No Partitions were found in this design.

-------------------------------

=========================================================================
*                            Final Report                               *
=========================================================================
Final Results
RTL Top Level Output File Name     : finite.ngr
Top Level Output File Name         : finite
Output Format                      : NGC
Optimization Goal                  : Speed
Keep Hierarchy                     : No

Design Statistics
# IOs                              : 7

Cell Usage :
# BELS                             : 140
#      GND                         : 1
#      INV                         : 1
#      LUT1                        : 31
#      LUT2                        : 4
#      LUT2_D                      : 2
#      LUT3                        : 3
#      LUT3_L                      : 1
#      LUT4                        : 21
#      LUT4_L                      : 4
#      MUXCY                       : 39
#      VCC                         : 1
#      XORCY                       : 32
# FlipFlops/Latches                : 38
#      FD                          : 2
#      FDE                         : 4
#      FDR                         : 32
# Clock Buffers                    : 1
#      BUFGP                       : 1
# IO Buffers                       : 6
#      IBUF                        : 2
#      OBUF                        : 4
=========================================================================

Device utilization summary:
---------------------------

Selected Device : 3s500efg320-4 

 Number of Slices:                       34  out of   4656     0%  
 Number of Slice Flip Flops:             38  out of   9312     0%  
 Number of 4 input LUTs:                 67  out of   9312     0%  
 Number of IOs:                           7
 Number of bonded IOBs:                   7  out of    232     3%  
 Number of GCLKs:                         1  out of     24     4%  

---------------------------
Partition Resource Summary:
---------------------------

  No Partitions were found in this design.

---------------------------


=========================================================================
TIMING REPORT

NOTE: THESE TIMING NUMBERS ARE ONLY A SYNTHESIS ESTIMATE.
      FOR ACCURATE TIMING INFORMATION PLEASE REFER TO THE TRACE REPORT
      GENERATED AFTER PLACE-and-ROUTE.

Clock Information:
------------------
-----------------------------------+------------------------+-------+
Clock Signal                       | Clock buffer(FF name)  | Load  |
-----------------------------------+------------------------+-------+
clk                                | BUFGP                  | 38    |
-----------------------------------+------------------------+-------+

Asynchronous Control Signals Information:
----------------------------------------
No asynchronous control signals found in this design

Timing Summary:
---------------
Speed Grade: -4

   Minimum period: 6.783ns (Maximum Frequency: 147.423MHz)
   Minimum input arrival time before clock: 5.817ns
   Maximum output required time after clock: 4.846ns
   Maximum combinational path delay: No path found

Timing Detail:
--------------
All values displayed in nanoseconds (ns)

=========================================================================
Timing constraint: Default period analysis for Clock 'clk'
  Clock period: 6.783ns (frequency: 147.423MHz)
  Total number of paths / destination ports: 1964 / 72
-------------------------------------------------------------------------
Delay:               6.783ns (Levels of Logic = 10)
  Source:            counter_8 (FF)
  Destination:       counter_0 (FF)
  Source Clock:      clk rising
  Destination Clock: clk rising

  Data Path: counter_8 to counter_0
                                Gate     Net
    Cell:in->out      fanout   Delay   Delay  Logical Name (Net Name)
    ----------------------------------------  ------------
     FDR:C->Q              2   0.591   0.622  counter_8 (counter_8)
     LUT4:I0->O            1   0.704   0.000  counter_cmp_eq0000_wg_lut<0> (counter_cmp_eq0000_wg_lut<0>)
     MUXCY:S->O            1   0.464   0.000  counter_cmp_eq0000_wg_cy<0> (counter_cmp_eq0000_wg_cy<0>)
     MUXCY:CI->O           1   0.059   0.000  counter_cmp_eq0000_wg_cy<1> (counter_cmp_eq0000_wg_cy<1>)
     MUXCY:CI->O           1   0.059   0.000  counter_cmp_eq0000_wg_cy<2> (counter_cmp_eq0000_wg_cy<2>)
     MUXCY:CI->O           1   0.059   0.000  counter_cmp_eq0000_wg_cy<3> (counter_cmp_eq0000_wg_cy<3>)
     MUXCY:CI->O           1   0.059   0.000  counter_cmp_eq0000_wg_cy<4> (counter_cmp_eq0000_wg_cy<4>)
     MUXCY:CI->O           1   0.059   0.000  counter_cmp_eq0000_wg_cy<5> (counter_cmp_eq0000_wg_cy<5>)
     MUXCY:CI->O           1   0.059   0.000  counter_cmp_eq0000_wg_cy<6> (counter_cmp_eq0000_wg_cy<6>)
     MUXCY:CI->O           7   0.459   0.712  counter_cmp_eq0000_wg_cy<7> (counter_cmp_eq0000)
     LUT4:I3->O           32   0.704   1.262  counter_or0000 (counter_or0000)
     FDR:R                     0.911          counter_0
    ----------------------------------------
    Total                      6.783ns (4.187ns logic, 2.596ns route)
                                       (61.7% logic, 38.3% route)

=========================================================================
Timing constraint: Default OFFSET IN BEFORE for Clock 'clk'
  Total number of paths / destination ports: 83 / 41
-------------------------------------------------------------------------
Offset:              5.817ns (Levels of Logic = 3)
  Source:            Y<1> (PAD)
  Destination:       counter_0 (FF)
  Destination Clock: clk rising

  Data Path: Y<1> to counter_0
                                Gate     Net
    Cell:in->out      fanout   Delay   Delay  Logical Name (Net Name)
    ----------------------------------------  ------------
     IBUF:I->O             7   1.218   0.883  Y_1_IBUF (Mrom_Y_rom00005)
     LUT2_D:I0->LO         1   0.704   0.135  counter_or0000_SW0 (N32)
     LUT4:I2->O           32   0.704   1.262  counter_or0000 (counter_or0000)
     FDR:R                     0.911          counter_0
    ----------------------------------------
    Total                      5.817ns (3.537ns logic, 2.280ns route)
                                       (60.8% logic, 39.2% route)

=========================================================================
Timing constraint: Default OFFSET OUT AFTER for Clock 'clk'
  Total number of paths / destination ports: 4 / 4
-------------------------------------------------------------------------
Offset:              4.846ns (Levels of Logic = 1)
  Source:            initial_state_2 (FF)
  Destination:       final_state<2> (PAD)
  Source Clock:      clk rising

  Data Path: initial_state_2 to final_state<2>
                                Gate     Net
    Cell:in->out      fanout   Delay   Delay  Logical Name (Net Name)
    ----------------------------------------  ------------
     FDE:C->Q             13   0.591   0.983  initial_state_2 (initial_state_2)
     OBUF:I->O                 3.272          final_state_2_OBUF (final_state<2>)
    ----------------------------------------
    Total                      4.846ns (3.863ns logic, 0.983ns route)
                                       (79.7% logic, 20.3% route)

=========================================================================


Total REAL time to Xst completion: 4.00 secs
Total CPU time to Xst completion: 3.26 secs
 
--> 


Total memory usage is 512200 kilobytes

Number of errors   :    0 (   0 filtered)
Number of warnings :    5 (   0 filtered)
Number of infos    :   18 (   0 filtered)

