Release 14.7 - xst P.20131013 (lin64)
Copyright (c) 1995-2013 Xilinx, Inc.  All rights reserved.
--> 
Parameter TMPDIR set to xst/projnav.tmp


Total REAL time to Xst completion: 0.00 secs
Total CPU time to Xst completion: 0.21 secs
 
--> 
Parameter xsthdpdir set to xst


Total REAL time to Xst completion: 0.00 secs
Total CPU time to Xst completion: 0.21 secs
 
--> 
Reading design: lcd_top.prj

TABLE OF CONTENTS
  1) Synthesis Options Summary
  2) HDL Compilation
  3) Design Hierarchy Analysis
  4) HDL Analysis
  5) HDL Synthesis
     5.1) HDL Synthesis Report
  6) Advanced HDL Synthesis
     6.1) Advanced HDL Synthesis Report
  7) Low Level Synthesis
  8) Partition Report
  9) Final Report
	9.1) Device utilization summary
	9.2) Partition Resource Summary
	9.3) TIMING REPORT


=========================================================================
*                      Synthesis Options Summary                        *
=========================================================================
---- Source Parameters
Input File Name                    : "lcd_top.prj"
Input Format                       : mixed
Ignore Synthesis Constraint File   : NO

---- Target Parameters
Output File Name                   : "lcd_top"
Output Format                      : NGC
Target Device                      : xc3s500e-4-fg320

---- Source Options
Top Module Name                    : lcd_top
Automatic FSM Extraction           : YES
FSM Encoding Algorithm             : Auto
Safe Implementation                : No
FSM Style                          : LUT
RAM Extraction                     : Yes
RAM Style                          : Auto
ROM Extraction                     : Yes
Mux Style                          : Auto
Decoder Extraction                 : YES
Priority Encoder Extraction        : Yes
Shift Register Extraction          : YES
Logical Shifter Extraction         : YES
XOR Collapsing                     : YES
ROM Style                          : Auto
Mux Extraction                     : Yes
Resource Sharing                   : YES
Asynchronous To Synchronous        : NO
Multiplier Style                   : Auto
Automatic Register Balancing       : No

---- Target Options
Add IO Buffers                     : YES
Global Maximum Fanout              : 500
Add Generic Clock Buffer(BUFG)     : 24
Register Duplication               : YES
Slice Packing                      : YES
Optimize Instantiated Primitives   : NO
Use Clock Enable                   : Yes
Use Synchronous Set                : Yes
Use Synchronous Reset              : Yes
Pack IO Registers into IOBs        : Auto
Equivalent register Removal        : YES

---- General Options
Optimization Goal                  : Speed
Optimization Effort                : 1
Keep Hierarchy                     : No
Netlist Hierarchy                  : As_Optimized
RTL Output                         : Yes
Global Optimization                : AllClockNets
Read Cores                         : YES
Write Timing Constraints           : NO
Cross Clock Analysis               : NO
Hierarchy Separator                : /
Bus Delimiter                      : <>
Case Specifier                     : Maintain
Slice Utilization Ratio            : 100
BRAM Utilization Ratio             : 100
Verilog 2001                       : YES
Auto BRAM Packing                  : NO
Slice Utilization Ratio Delta      : 5

=========================================================================


=========================================================================
*                          HDL Compilation                              *
=========================================================================
Compiling verilog file "initialise.v" in library work
Compiling verilog file "lcd_top.v" in library work
Module <initialise> compiled
Module <lcd_top> compiled
No errors in compilation
Analysis of file <"lcd_top.prj"> succeeded.
 

=========================================================================
*                     Design Hierarchy Analysis                         *
=========================================================================
Analyzing hierarchy for module <lcd_top> in library <work>.

Analyzing hierarchy for module <initialise> in library <work>.


=========================================================================
*                            HDL Analysis                               *
=========================================================================
Analyzing top module <lcd_top>.
Module <lcd_top> is correct for synthesis.
 
Analyzing module <initialise> in library <work>.
Module <initialise> is correct for synthesis.
 

=========================================================================
*                           HDL Synthesis                               *
=========================================================================

Performing bidirectional port resolution...
INFO:Xst:2679 - Register <lcd_w> in unit <initialise> has a constant value of 0 during circuit operation. The register is replaced by logic.

Synthesizing Unit <initialise>.
    Related source file is "initialise.v".
INFO:Xst:1799 - State 101 is never reached in FSM <state>.
INFO:Xst:1799 - State 100 is never reached in FSM <state>.
    Found finite state machine <FSM_0> for signal <waiting>.
    -----------------------------------------------------------------------
    | States             | 3                                              |
    | Transitions        | 72                                             |
    | Inputs             | 18                                             |
    | Outputs            | 3                                              |
    | Clock              | clk                       (rising_edge)        |
    | Power Up State     | 00                                             |
    | Encoding           | automatic                                      |
    | Implementation     | LUT                                            |
    -----------------------------------------------------------------------
    Found finite state machine <FSM_1> for signal <state>.
    -----------------------------------------------------------------------
    | States             | 4                                              |
    | Transitions        | 14                                             |
    | Inputs             | 5                                              |
    | Outputs            | 3                                              |
    | Clock              | clk                       (rising_edge)        |
    | Power Up State     | 000                                            |
    | Encoding           | automatic                                      |
    | Implementation     | LUT                                            |
    -----------------------------------------------------------------------
    Found 128x2-bit ROM for signal <bits$rom0000>.
    Found 1-bit register for signal <lcd_e>.
    Found 1-bit register for signal <lcd_rs>.
    Found 4-bit register for signal <data>.
    Found 7-bit register for signal <bits>.
    Found 7-bit subtractor for signal <bits$addsub0000>.
    Found 5-bit register for signal <characters>.
    Found 5-bit adder for signal <characters$addsub0000>.
    Found 32-bit register for signal <counter>.
    Found 32-bit adder for signal <counter$share0000>.
    Found 6-bit register for signal <flag>.
    Found 6-bit adder for signal <flag$share0000>.
    Summary:
	inferred   2 Finite State Machine(s).
	inferred   1 ROM(s).
	inferred  56 D-type flip-flop(s).
	inferred   4 Adder/Subtractor(s).
Unit <initialise> synthesized.


Synthesizing Unit <lcd_top>.
    Related source file is "lcd_top.v".
Unit <lcd_top> synthesized.

INFO:Xst:1767 - HDL ADVISOR - Resource sharing has identified that some arithmetic operations in this design can share the same physical resources for reduced device utilization. For improved clock frequency you may try to disable resource sharing.

=========================================================================
HDL Synthesis Report

Macro Statistics
# ROMs                                                 : 1
 128x2-bit ROM                                         : 1
# Adders/Subtractors                                   : 4
 32-bit adder                                          : 1
 5-bit adder                                           : 1
 6-bit adder                                           : 1
 7-bit subtractor                                      : 1
# Registers                                            : 7
 1-bit register                                        : 2
 32-bit register                                       : 1
 4-bit register                                        : 1
 5-bit register                                        : 1
 6-bit register                                        : 1
 7-bit register                                        : 1

=========================================================================

=========================================================================
*                       Advanced HDL Synthesis                          *
=========================================================================

Analyzing FSM <FSM_1> for best encoding.
Optimizing FSM <I1/state/FSM> on signal <state[1:2]> with gray encoding.
-------------------
 State | Encoding
-------------------
 000   | 00
 001   | 01
 010   | 11
 011   | 10
 100   | unreached
 101   | unreached
-------------------
Analyzing FSM <FSM_0> for best encoding.
Optimizing FSM <I1/waiting/FSM> on signal <waiting[1:2]> with gray encoding.
-------------------
 State | Encoding
-------------------
 00    | 00
 01    | 01
 10    | 11
-------------------

=========================================================================
Advanced HDL Synthesis Report

Macro Statistics
# FSMs                                                 : 2
# ROMs                                                 : 1
 128x2-bit ROM                                         : 1
# Adders/Subtractors                                   : 4
 32-bit adder                                          : 1
 5-bit adder                                           : 1
 6-bit adder                                           : 1
 7-bit subtractor                                      : 1
# Registers                                            : 56
 Flip-Flops                                            : 56

=========================================================================

=========================================================================
*                         Low Level Synthesis                           *
=========================================================================

Optimizing unit <lcd_top> ...

Optimizing unit <initialise> ...
WARNING:Xst:1293 - FF/Latch <bits_0> has a constant value of 1 in block <initialise>. This FF/Latch will be trimmed during the optimization process.
WARNING:Xst:1896 - Due to other FF/Latch trimming, FF/Latch <bits_1> has a constant value of 1 in block <initialise>. This FF/Latch will be trimmed during the optimization process.

Mapping all equations...
Building and optimizing final netlist ...
Found area constraint ratio of 100 (+ 5) on block lcd_top, actual ratio is 2.

Final Macro Processing ...

=========================================================================
Final Register Report

Macro Statistics
# Registers                                            : 58
 Flip-Flops                                            : 58

=========================================================================

=========================================================================
*                           Partition Report                            *
=========================================================================

Partition Implementation Status
-------------------------------

  No Partitions were found in this design.

-------------------------------

=========================================================================
*                            Final Report                               *
=========================================================================
Final Results
RTL Top Level Output File Name     : lcd_top.ngr
Top Level Output File Name         : lcd_top
Output Format                      : NGC
Optimization Goal                  : Speed
Keep Hierarchy                     : No

Design Statistics
# IOs                              : 8

Cell Usage :
# BELS                             : 326
#      GND                         : 1
#      INV                         : 2
#      LUT1                        : 31
#      LUT2                        : 20
#      LUT2_D                      : 2
#      LUT2_L                      : 5
#      LUT3                        : 23
#      LUT3_D                      : 3
#      LUT3_L                      : 7
#      LUT4                        : 121
#      LUT4_D                      : 12
#      LUT4_L                      : 14
#      MUXCY                       : 39
#      MUXF5                       : 10
#      MUXF6                       : 2
#      MUXF7                       : 1
#      VCC                         : 1
#      XORCY                       : 32
# FlipFlops/Latches                : 58
#      FD                          : 49
#      FDS                         : 9
# Clock Buffers                    : 1
#      BUFGP                       : 1
# IO Buffers                       : 7
#      OBUF                        : 7
=========================================================================

Device utilization summary:
---------------------------

Selected Device : 3s500efg320-4 

 Number of Slices:                      127  out of   4656     2%  
 Number of Slice Flip Flops:             58  out of   9312     0%  
 Number of 4 input LUTs:                240  out of   9312     2%  
 Number of IOs:                           8
 Number of bonded IOBs:                   8  out of    232     3%  
 Number of GCLKs:                         1  out of     24     4%  

---------------------------
Partition Resource Summary:
---------------------------

  No Partitions were found in this design.

---------------------------


=========================================================================
TIMING REPORT

NOTE: THESE TIMING NUMBERS ARE ONLY A SYNTHESIS ESTIMATE.
      FOR ACCURATE TIMING INFORMATION PLEASE REFER TO THE TRACE REPORT
      GENERATED AFTER PLACE-and-ROUTE.

Clock Information:
------------------
-----------------------------------+------------------------+-------+
Clock Signal                       | Clock buffer(FF name)  | Load  |
-----------------------------------+------------------------+-------+
clk                                | BUFGP                  | 58    |
-----------------------------------+------------------------+-------+

Asynchronous Control Signals Information:
----------------------------------------
No asynchronous control signals found in this design

Timing Summary:
---------------
Speed Grade: -4

   Minimum period: 8.558ns (Maximum Frequency: 116.850MHz)
   Minimum input arrival time before clock: No path found
   Maximum output required time after clock: 4.310ns
   Maximum combinational path delay: No path found

Timing Detail:
--------------
All values displayed in nanoseconds (ns)

=========================================================================
Timing constraint: Default period analysis for Clock 'clk'
  Clock period: 8.558ns (frequency: 116.850MHz)
  Total number of paths / destination ports: 6016 / 67
-------------------------------------------------------------------------
Delay:               8.558ns (Levels of Logic = 5)
  Source:            I1/flag_4 (FF)
  Destination:       I1/data_3 (FF)
  Source Clock:      clk rising
  Destination Clock: clk rising

  Data Path: I1/flag_4 to I1/data_3
                                Gate     Net
    Cell:in->out      fanout   Delay   Delay  Logical Name (Net Name)
    ----------------------------------------  ------------
     FD:C->Q               8   0.591   0.932  I1/flag_4 (I1/flag_4)
     LUT2_D:I0->O          5   0.704   0.637  I1/waiting_FSM_FFd1-In321 (I1/lcd_e_and0000)
     LUT4_D:I3->O         22   0.704   1.339  I1/state_FSM_FFd1-In11 (I1/N121)
     LUT4:I0->O            1   0.704   0.000  I1/data_mux0000<2>145_G (N121)
     MUXF5:I1->O           4   0.321   0.591  I1/data_mux0000<2>145 (I1/N21)
     LUT4:I3->O            1   0.704   0.420  I1/data_mux0000<0>89 (I1/data_mux0000<0>89)
     FDS:S                     0.911          I1/data_3
    ----------------------------------------
    Total                      8.558ns (4.639ns logic, 3.919ns route)
                                       (54.2% logic, 45.8% route)

=========================================================================
Timing constraint: Default OFFSET OUT AFTER for Clock 'clk'
  Total number of paths / destination ports: 6 / 6
-------------------------------------------------------------------------
Offset:              4.310ns (Levels of Logic = 1)
  Source:            I1/lcd_e (FF)
  Destination:       lcd_e (PAD)
  Source Clock:      clk rising

  Data Path: I1/lcd_e to lcd_e
                                Gate     Net
    Cell:in->out      fanout   Delay   Delay  Logical Name (Net Name)
    ----------------------------------------  ------------
     FDS:C->Q              2   0.591   0.447  I1/lcd_e (I1/lcd_e)
     OBUF:I->O                 3.272          lcd_e_OBUF (lcd_e)
    ----------------------------------------
    Total                      4.310ns (3.863ns logic, 0.447ns route)
                                       (89.6% logic, 10.4% route)

=========================================================================


Total REAL time to Xst completion: 48.00 secs
Total CPU time to Xst completion: 46.69 secs
 
--> 


Total memory usage is 531232 kilobytes

Number of errors   :    0 (   0 filtered)
Number of warnings :    2 (   0 filtered)
Number of infos    :    4 (   0 filtered)

