Release 14.7 - xst P.20131013 (lin64)
Copyright (c) 1995-2013 Xilinx, Inc.  All rights reserved.
--> 
Parameter TMPDIR set to xst/projnav.tmp


Total REAL time to Xst completion: 0.00 secs
Total CPU time to Xst completion: 0.03 secs
 
--> 
Parameter xsthdpdir set to xst


Total REAL time to Xst completion: 0.00 secs
Total CPU time to Xst completion: 0.03 secs
 
--> 
Reading design: rotatory_shaft.prj

TABLE OF CONTENTS
  1) Synthesis Options Summary
  2) HDL Compilation
  3) Design Hierarchy Analysis
  4) HDL Analysis
  5) HDL Synthesis
     5.1) HDL Synthesis Report
  6) Advanced HDL Synthesis
     6.1) Advanced HDL Synthesis Report
  7) Low Level Synthesis
  8) Partition Report
  9) Final Report
	9.1) Device utilization summary
	9.2) Partition Resource Summary
	9.3) TIMING REPORT


=========================================================================
*                      Synthesis Options Summary                        *
=========================================================================
---- Source Parameters
Input File Name                    : "rotatory_shaft.prj"
Input Format                       : mixed
Ignore Synthesis Constraint File   : NO

---- Target Parameters
Output File Name                   : "rotatory_shaft"
Output Format                      : NGC
Target Device                      : xc3s500e-4-fg320

---- Source Options
Top Module Name                    : rotatory_shaft
Automatic FSM Extraction           : YES
FSM Encoding Algorithm             : Auto
Safe Implementation                : No
FSM Style                          : LUT
RAM Extraction                     : Yes
RAM Style                          : Auto
ROM Extraction                     : Yes
Mux Style                          : Auto
Decoder Extraction                 : YES
Priority Encoder Extraction        : Yes
Shift Register Extraction          : YES
Logical Shifter Extraction         : YES
XOR Collapsing                     : YES
ROM Style                          : Auto
Mux Extraction                     : Yes
Resource Sharing                   : YES
Asynchronous To Synchronous        : NO
Multiplier Style                   : Auto
Automatic Register Balancing       : No

---- Target Options
Add IO Buffers                     : YES
Global Maximum Fanout              : 100000
Add Generic Clock Buffer(BUFG)     : 24
Register Duplication               : YES
Slice Packing                      : YES
Optimize Instantiated Primitives   : NO
Use Clock Enable                   : Yes
Use Synchronous Set                : Yes
Use Synchronous Reset              : Yes
Pack IO Registers into IOBs        : Auto
Equivalent register Removal        : YES

---- General Options
Optimization Goal                  : Speed
Optimization Effort                : 1
Keep Hierarchy                     : No
Netlist Hierarchy                  : As_Optimized
RTL Output                         : Yes
Global Optimization                : AllClockNets
Read Cores                         : YES
Write Timing Constraints           : NO
Cross Clock Analysis               : NO
Hierarchy Separator                : /
Bus Delimiter                      : <>
Case Specifier                     : Maintain
Slice Utilization Ratio            : 100
BRAM Utilization Ratio             : 100
Verilog 2001                       : YES
Auto BRAM Packing                  : NO
Slice Utilization Ratio Delta      : 5

=========================================================================


=========================================================================
*                          HDL Compilation                              *
=========================================================================
Compiling verilog file "check.v" in library work
Compiling verilog file "rotatory_shaft.v" in library work
Module <check> compiled
Module <rotatory_shaft> compiled
No errors in compilation
Analysis of file <"rotatory_shaft.prj"> succeeded.
 

=========================================================================
*                     Design Hierarchy Analysis                         *
=========================================================================
Analyzing hierarchy for module <rotatory_shaft> in library <work>.

Analyzing hierarchy for module <check> in library <work>.


=========================================================================
*                            HDL Analysis                               *
=========================================================================
Analyzing top module <rotatory_shaft>.
Module <rotatory_shaft> is correct for synthesis.
 
Analyzing module <check> in library <work>.
Module <check> is correct for synthesis.
 

=========================================================================
*                           HDL Synthesis                               *
=========================================================================

Performing bidirectional port resolution...

Synthesizing Unit <check>.
    Related source file is "check.v".
    Found 1-bit register for signal <r_event>.
    Found 1-bit register for signal <r_direction>.
    Summary:
	inferred   2 D-type flip-flop(s).
Unit <check> synthesized.


Synthesizing Unit <rotatory_shaft>.
    Related source file is "rotatory_shaft.v".
WARNING:Xst:1780 - Signal <r_temp_direc> is never used or assigned. This unconnected signal will be trimmed during the optimization process.
WARNING:Xst:646 - Signal <r_event> is assigned but never used. This unconnected signal will be trimmed during the optimization process.
WARNING:Xst:646 - Signal <r_direction> is assigned but never used. This unconnected signal will be trimmed during the optimization process.
    Found 1-bit register for signal <led0>.
    Found 1-bit register for signal <led1>.
    Found 1-bit register for signal <led2>.
    Found 1-bit register for signal <led3>.
    Found 1-bit register for signal <led4>.
    Found 1-bit register for signal <led5>.
    Found 1-bit register for signal <led6>.
    Found 1-bit register for signal <led7>.
    Found 1-bit register for signal <prev_event>.
    Summary:
	inferred   9 D-type flip-flop(s).
Unit <rotatory_shaft> synthesized.


=========================================================================
HDL Synthesis Report

Macro Statistics
# Registers                                            : 11
 1-bit register                                        : 11

=========================================================================

=========================================================================
*                       Advanced HDL Synthesis                          *
=========================================================================


=========================================================================
Advanced HDL Synthesis Report

Macro Statistics
# Registers                                            : 11
 Flip-Flops                                            : 11

=========================================================================

=========================================================================
*                         Low Level Synthesis                           *
=========================================================================

Optimizing unit <rotatory_shaft> ...

Mapping all equations...
Building and optimizing final netlist ...
Found area constraint ratio of 100 (+ 5) on block rotatory_shaft, actual ratio is 0.

Final Macro Processing ...

=========================================================================
Final Register Report

Macro Statistics
# Registers                                            : 11
 Flip-Flops                                            : 11

=========================================================================

=========================================================================
*                           Partition Report                            *
=========================================================================

Partition Implementation Status
-------------------------------

  No Partitions were found in this design.

-------------------------------

=========================================================================
*                            Final Report                               *
=========================================================================
Final Results
RTL Top Level Output File Name     : rotatory_shaft.ngr
Top Level Output File Name         : rotatory_shaft
Output Format                      : NGC
Optimization Goal                  : Speed
Keep Hierarchy                     : No

Design Statistics
# IOs                              : 11

Cell Usage :
# BELS                             : 15
#      GND                         : 1
#      LUT2                        : 5
#      LUT3                        : 8
#      VCC                         : 1
# FlipFlops/Latches                : 11
#      FD                          : 1
#      FDE                         : 8
#      FDRE                        : 1
#      FDSE                        : 1
# Clock Buffers                    : 1
#      BUFGP                       : 1
# IO Buffers                       : 10
#      IBUF                        : 2
#      OBUF                        : 8
=========================================================================

Device utilization summary:
---------------------------

Selected Device : 3s500efg320-4 

 Number of Slices:                        7  out of   4656     0%  
 Number of Slice Flip Flops:             11  out of   9312     0%  
 Number of 4 input LUTs:                 13  out of   9312     0%  
 Number of IOs:                          11
 Number of bonded IOBs:                  11  out of    232     4%  
 Number of GCLKs:                         1  out of     24     4%  

---------------------------
Partition Resource Summary:
---------------------------

  No Partitions were found in this design.

---------------------------


=========================================================================
TIMING REPORT

NOTE: THESE TIMING NUMBERS ARE ONLY A SYNTHESIS ESTIMATE.
      FOR ACCURATE TIMING INFORMATION PLEASE REFER TO THE TRACE REPORT
      GENERATED AFTER PLACE-and-ROUTE.

Clock Information:
------------------
-----------------------------------+------------------------+-------+
Clock Signal                       | Clock buffer(FF name)  | Load  |
-----------------------------------+------------------------+-------+
clk                                | BUFGP                  | 11    |
-----------------------------------+------------------------+-------+

Asynchronous Control Signals Information:
----------------------------------------
No asynchronous control signals found in this design

Timing Summary:
---------------
Speed Grade: -4

   Minimum period: 3.202ns (Maximum Frequency: 312.305MHz)
   Minimum input arrival time before clock: 4.015ns
   Maximum output required time after clock: 4.394ns
   Maximum combinational path delay: No path found

Timing Detail:
--------------
All values displayed in nanoseconds (ns)

=========================================================================
Timing constraint: Default period analysis for Clock 'clk'
  Clock period: 3.202ns (frequency: 312.305MHz)
  Total number of paths / destination ports: 41 / 17
-------------------------------------------------------------------------
Delay:               3.202ns (Levels of Logic = 1)
  Source:            prev_event (FF)
  Destination:       led1 (FF)
  Source Clock:      clk rising
  Destination Clock: clk rising

  Data Path: prev_event to led1
                                Gate     Net
    Cell:in->out      fanout   Delay   Delay  Logical Name (Net Name)
    ----------------------------------------  ------------
     FD:C->Q               1   0.591   0.595  prev_event (prev_event)
     LUT2:I0->O            8   0.704   0.757  led1_and00001 (led1_and0000)
     FDE:CE                    0.555          led1
    ----------------------------------------
    Total                      3.202ns (1.850ns logic, 1.352ns route)
                                       (57.8% logic, 42.2% route)

=========================================================================
Timing constraint: Default OFFSET IN BEFORE for Clock 'clk'
  Total number of paths / destination ports: 8 / 4
-------------------------------------------------------------------------
Offset:              4.015ns (Levels of Logic = 2)
  Source:            rot_b (PAD)
  Destination:       C1/r_direction (FF)
  Destination Clock: clk rising

  Data Path: rot_b to C1/r_direction
                                Gate     Net
    Cell:in->out      fanout   Delay   Delay  Logical Name (Net Name)
    ----------------------------------------  ------------
     IBUF:I->O             4   1.218   0.762  rot_b_IBUF (rot_b_IBUF)
     LUT2:I0->O            1   0.704   0.420  C1/r_direction_and00001 (C1/r_direction_and0000)
     FDSE:S                    0.911          C1/r_direction
    ----------------------------------------
    Total                      4.015ns (2.833ns logic, 1.182ns route)
                                       (70.6% logic, 29.4% route)

=========================================================================
Timing constraint: Default OFFSET OUT AFTER for Clock 'clk'
  Total number of paths / destination ports: 8 / 8
-------------------------------------------------------------------------
Offset:              4.394ns (Levels of Logic = 1)
  Source:            led0 (FF)
  Destination:       led0 (PAD)
  Source Clock:      clk rising

  Data Path: led0 to led0
                                Gate     Net
    Cell:in->out      fanout   Delay   Delay  Logical Name (Net Name)
    ----------------------------------------  ------------
     FDE:C->Q              3   0.591   0.531  led0 (led0_OBUF)
     OBUF:I->O                 3.272          led0_OBUF (led0)
    ----------------------------------------
    Total                      4.394ns (3.863ns logic, 0.531ns route)
                                       (87.9% logic, 12.1% route)

=========================================================================


Total REAL time to Xst completion: 3.00 secs
Total CPU time to Xst completion: 2.85 secs
 
--> 


Total memory usage is 510756 kilobytes

Number of errors   :    0 (   0 filtered)
Number of warnings :    3 (   0 filtered)
Number of infos    :    0 (   0 filtered)

