#-----------------------------------------------------------
# PlanAhead v14.7 (64-bit)
# Build 321239 by xbuild on Fri Sep 27 19:24:36 MDT 2013
# Start of session at: Mon Mar  5 17:37:15 2018
# Process ID: 12515
# Log file: /users/btech/vinayakt/Desktop/lab5/LCD_Driver/planAhead_run_2/planAhead.log
# Journal file: /users/btech/vinayakt/Desktop/lab5/LCD_Driver/planAhead_run_2/planAhead.jou
#-----------------------------------------------------------
INFO: [Common 17-78] Attempting to get a license: PlanAhead
INFO: [Common 17-290] Got license for PlanAhead
INFO: [Device 21-36] Loading parts and site information from /opt/Xilinx/14.7/ISE_DS/PlanAhead/data/parts/arch.xml
Parsing RTL primitives file [/opt/Xilinx/14.7/ISE_DS/PlanAhead/data/parts/xilinx/rtl/prims/rtl_prims.xml]
Finished parsing RTL primitives file [/opt/Xilinx/14.7/ISE_DS/PlanAhead/data/parts/xilinx/rtl/prims/rtl_prims.xml]
start_gui
source /users/btech/vinayakt/Desktop/lab5/LCD_Driver/pa.fromHdl.tcl
# create_project -name LCD_Driver -dir "/users/btech/vinayakt/Desktop/lab5/LCD_Driver/planAhead_run_2" -part xc3s500efg320-4
create_project: Time (s): cpu = 00:00:24 ; elapsed = 00:00:15 . Memory (MB): peak = 2646.293 ; gain = 32.145
# set_param project.pinAheadLayout yes
# set srcset [get_property srcset [current_run -impl]]
# set_property target_constrs_file "lcd_top.ucf" [current_fileset -constrset]
Adding file '/users/btech/vinayakt/Desktop/lab5/LCD_Driver/lcd_top.ucf' to fileset 'constrs_1'
# set hdlfile [add_files [list {initialise.v}]]
# set_property file_type Verilog $hdlfile
# set_property library work $hdlfile
# set hdlfile [add_files [list {lcd_top.v}]]
# set_property file_type Verilog $hdlfile
# set_property library work $hdlfile
# set_property top lcd_top $srcset
# add_files [list {lcd_top.ucf}] -fileset [get_property constrset [current_run]]
# open_rtl_design -part xc3s500efg320-4
Using Verific elaboration
Parsing VHDL file "/opt/Xilinx/14.7/ISE_DS/PlanAhead/data/parts/xilinx/rtl/lib/synplify/synattr.vhd" into library synplify
Analyzing Verilog file "/users/btech/vinayakt/Desktop/lab5/LCD_Driver/initialise.v" into library work
Analyzing Verilog file "/users/btech/vinayakt/Desktop/lab5/LCD_Driver/lcd_top.v" into library work
INFO: [Designutils 20-910] Reading macro library /opt/Xilinx/14.7/ISE_DS/PlanAhead/data/./parts/xilinx/spartan3e/spartan3e/hd_int_macros.edn
Parsing EDIF File [/opt/Xilinx/14.7/ISE_DS/PlanAhead/data/./parts/xilinx/spartan3e/spartan3e/hd_int_macros.edn]
Finished Parsing EDIF File [/opt/Xilinx/14.7/ISE_DS/PlanAhead/data/./parts/xilinx/spartan3e/spartan3e/hd_int_macros.edn]
Loading clock regions from /opt/Xilinx/14.7/ISE_DS/PlanAhead/data/parts/xilinx/spartan3e/spartan3e/xc3s500e/ClockRegion.xml
Loading clock buffers from /opt/Xilinx/14.7/ISE_DS/PlanAhead/data/parts/xilinx/spartan3e/spartan3e/xc3s500e/ClockBuffers.xml
Loading package from /opt/Xilinx/14.7/ISE_DS/PlanAhead/data/parts/xilinx/spartan3e/spartan3e/xc3s500e/fg320/Package.xml
Loading io standards from /opt/Xilinx/14.7/ISE_DS/PlanAhead/data/./parts/xilinx/spartan3e/IOStandards.xml
INFO: [Device 21-19] Loading pkg sso from /opt/Xilinx/14.7/ISE_DS/PlanAhead/data/parts/xilinx/spartan3e/spartan3e/xc3s500e/fg320/SSORules.xml
Loading list of drcs for the architecture : /opt/Xilinx/14.7/ISE_DS/PlanAhead/data/./parts/xilinx/spartan3e/spartan3e/drc.xml
INFO: [Timing 38-77] Reading timing library /opt/Xilinx/14.7/ISE_DS/PlanAhead/data/parts/xilinx/spartan3e/spartan3e/spartan3e-4.lib.
INFO: [Timing 38-34] Done reading timing library /opt/Xilinx/14.7/ISE_DS/PlanAhead/data/parts/xilinx/spartan3e/spartan3e/spartan3e-4.lib.
Parsing UCF File [/users/btech/vinayakt/Desktop/lab5/LCD_Driver/lcd_top.ucf]
Finished Parsing UCF File [/users/btech/vinayakt/Desktop/lab5/LCD_Driver/lcd_top.ucf]
INFO: [Project 1-111] Unisim Transformation Summary:
No Unisim elements were transformed.

Phase 0 | Netlist Checksum: 426e9787
open_rtl_design: Time (s): cpu = 00:01:14 ; elapsed = 00:00:36 . Memory (MB): peak = 2776.172 ; gain = 127.578
update_compile_order -fileset sim_1
set_property iostandard LVCMOS33 [get_ports [list {data[3]} {data[2]} {data[1]} {data[0]}]]
set_property drive 4 [get_ports [list {data[3]} {data[2]} {data[1]} {data[0]}]]
startgroup
set_property package_pin M15 [get_ports {data[3]}]
endgroup
startgroup
set_property package_pin P17 [get_ports {data[2]}]
endgroup
startgroup
set_property package_pin R16 [get_ports {data[1]}]
endgroup
startgroup
set_property package_pin R15 [get_ports {data[0]}]
endgroup
startgroup
set_property package_pin M18 [get_ports lcd_e]
endgroup
set_property iostandard LVCMOS33 [get_ports [list lcd_e]]
set_property drive 4 [get_ports [list lcd_e]]
startgroup
set_property package_pin L18 [get_ports lcd_rs]
endgroup
startgroup
set_property package_pin L17 [get_ports lcd_w]
endgroup
set_property iostandard LVCMOS33 [get_ports [list lcd_rs]]
set_property iostandard LVCMOS33 [get_ports [list lcd_w]]
set_property drive 4 [get_ports [list lcd_rs]]
set_property drive 4 [get_ports [list lcd_w]]
startgroup
set_property package_pin C9 [get_ports clk]
endgroup
save_constraints
exit
ERROR: [#UNDEF] *** Exception: ui.h.b: Found deleted key in HTclEventBroker. Verify if the classes listed here call cleanup()
HTclEvent: DEBUG_PORT_CONFIG_CHANGE   Classes: ui.views.aR 
HTclEvent: SIGNAL_BUS_MODIFY   Classes: ui.views.aR 
HTclEvent: SIGNAL_MODIFY   Classes: ui.views.aR 
HTclEvent: DEBUG_CORE_CONFIG_CHANGE   Classes: ui.views.aR 
 (See /users/btech/vinayakt/Desktop/lab5/LCD_Driver/planAhead_pid12515.debug)
ERROR: [Common 17-39] 'stop_gui' failed due to earlier errors.
INFO: [Common 17-206] Exiting PlanAhead at Mon Mar  5 17:42:17 2018...
INFO: [Common 17-83] Releasing license: PlanAhead
