
****** PlanAhead v14.7 (64-bit)
  **** Build 321239 by xbuild on Fri Sep 27 19:24:36 MDT 2013
    ** Copyright 1986-1999, 2001-2013 Xilinx, Inc. All Rights Reserved.

INFO: [Common 17-78] Attempting to get a license: PlanAhead
INFO: [Common 17-290] Got license for PlanAhead
INFO: [Device 21-36] Loading parts and site information from /home/vinayak/Desktop/CS220/Xilinx/14.7/ISE_DS/PlanAhead/data/parts/arch.xml
Parsing RTL primitives file [/home/vinayak/Desktop/CS220/Xilinx/14.7/ISE_DS/PlanAhead/data/parts/xilinx/rtl/prims/rtl_prims.xml]
Finished parsing RTL primitives file [/home/vinayak/Desktop/CS220/Xilinx/14.7/ISE_DS/PlanAhead/data/parts/xilinx/rtl/prims/rtl_prims.xml]
start_gui
source /home/vinayak/Desktop/CS220/all_labs/practice_labs/FSM/finite_machine/pa.fromHdl.tcl
# create_project -name finite_machine -dir "/home/vinayak/Desktop/CS220/all_labs/practice_labs/FSM/finite_machine/planAhead_run_1" -part xc3s500efg320-4
# set_param project.pinAheadLayout yes
# set srcset [get_property srcset [current_run -impl]]
# set_property target_constrs_file "finite.ucf" [current_fileset -constrset]
Adding file '/home/vinayak/Desktop/CS220/all_labs/practice_labs/FSM/finite_machine/finite.ucf' to fileset 'constrs_1'
# set hdlfile [add_files [list {finite.v}]]
# set_property file_type Verilog $hdlfile
# set_property library work $hdlfile
# set_property top finite $srcset
# add_files [list {finite.ucf}] -fileset [get_property constrset [current_run]]
# open_rtl_design -part xc3s500efg320-4
Using Verific elaboration
Parsing VHDL file "/home/vinayak/Desktop/CS220/Xilinx/14.7/ISE_DS/PlanAhead/data/parts/xilinx/rtl/lib/synplify/synattr.vhd" into library synplify
Analyzing Verilog file "/home/vinayak/Desktop/CS220/all_labs/practice_labs/FSM/finite_machine/finite.v" into library work
INFO: [Designutils 20-910] Reading macro library /home/vinayak/Desktop/CS220/Xilinx/14.7/ISE_DS/PlanAhead/data/./parts/xilinx/spartan3e/spartan3e/hd_int_macros.edn
Parsing EDIF File [/home/vinayak/Desktop/CS220/Xilinx/14.7/ISE_DS/PlanAhead/data/./parts/xilinx/spartan3e/spartan3e/hd_int_macros.edn]
Finished Parsing EDIF File [/home/vinayak/Desktop/CS220/Xilinx/14.7/ISE_DS/PlanAhead/data/./parts/xilinx/spartan3e/spartan3e/hd_int_macros.edn]
Loading clock regions from /home/vinayak/Desktop/CS220/Xilinx/14.7/ISE_DS/PlanAhead/data/parts/xilinx/spartan3e/spartan3e/xc3s500e/ClockRegion.xml
Loading clock buffers from /home/vinayak/Desktop/CS220/Xilinx/14.7/ISE_DS/PlanAhead/data/parts/xilinx/spartan3e/spartan3e/xc3s500e/ClockBuffers.xml
Loading package from /home/vinayak/Desktop/CS220/Xilinx/14.7/ISE_DS/PlanAhead/data/parts/xilinx/spartan3e/spartan3e/xc3s500e/fg320/Package.xml
Loading io standards from /home/vinayak/Desktop/CS220/Xilinx/14.7/ISE_DS/PlanAhead/data/./parts/xilinx/spartan3e/IOStandards.xml
INFO: [Device 21-19] Loading pkg sso from /home/vinayak/Desktop/CS220/Xilinx/14.7/ISE_DS/PlanAhead/data/parts/xilinx/spartan3e/spartan3e/xc3s500e/fg320/SSORules.xml
Loading list of drcs for the architecture : /home/vinayak/Desktop/CS220/Xilinx/14.7/ISE_DS/PlanAhead/data/./parts/xilinx/spartan3e/spartan3e/drc.xml
INFO: [Timing 38-77] Reading timing library /home/vinayak/Desktop/CS220/Xilinx/14.7/ISE_DS/PlanAhead/data/parts/xilinx/spartan3e/spartan3e/spartan3e-4.lib.
INFO: [Timing 38-34] Done reading timing library /home/vinayak/Desktop/CS220/Xilinx/14.7/ISE_DS/PlanAhead/data/parts/xilinx/spartan3e/spartan3e/spartan3e-4.lib.
Parsing UCF File [/home/vinayak/Desktop/CS220/all_labs/practice_labs/FSM/finite_machine/finite.ucf]
Finished Parsing UCF File [/home/vinayak/Desktop/CS220/all_labs/practice_labs/FSM/finite_machine/finite.ucf]
INFO: [Project 1-111] Unisim Transformation Summary:
No Unisim elements were transformed.

Phase 0 | Netlist Checksum: 52b06f64
open_rtl_design: Time (s): cpu = 00:00:12 ; elapsed = 00:00:08 . Memory (MB): peak = 2867.160 ; gain = 101.609
update_compile_order -fileset sim_1
MEvent. CASE!
MEvent. CASE!
MEvent. CASE!
MEvent. CASE!
MEvent. CASE!
MEvent. CASE!
MEvent. CASE!
MEvent. CASE!
MEvent. CASE!
MEvent. CASE!
MEvent. CASE!
MEvent. CASE!
MEvent. CASE!
MEvent. CASE!
MEvent. CASE!
MEvent. CASE!
MEvent. CASE!
MEvent. CASE!
MEvent. CASE!
MEvent. CASE!
MEvent. CASE!
MEvent. CASE!
MEvent. CASE!
MEvent. CASE!
MEvent. CASE!
MEvent. CASE!
MEvent. CASE!
MEvent. CASE!
MEvent. CASE!
MEvent. CASE!
MEvent. CASE!
MEvent. CASE!
MEvent. CASE!
MEvent. CASE!
MEvent. CASE!
MEvent. CASE!
MEvent. CASE!
MEvent. CASE!
MEvent. CASE!
MEvent. CASE!
MEvent. CASE!
MEvent. CASE!
MEvent. CASE!
MEvent. CASE!
MEvent. CASE!
MEvent. CASE!
MEvent. CASE!
MEvent. CASE!
MEvent. CASE!
MEvent. CASE!
MEvent. CASE!
MEvent. CASE!
MEvent. CASE!
MEvent. CASE!
MEvent. CASE!
MEvent. CASE!
MEvent. CASE!
MEvent. CASE!
MEvent. CASE!
MEvent. CASE!
MEvent. CASE!
MEvent. CASE!
MEvent. CASE!
MEvent. CASE!
MEvent. CASE!
MEvent. CASE!
MEvent. CASE!
MEvent. CASE!
MEvent. CASE!
MEvent. CASE!
MEvent. CASE!
MEvent. CASE!
MEvent. CASE!
MEvent. CASE!
MEvent. CASE!
MEvent. CASE!
MEvent. CASE!
MEvent. CASE!
MEvent. CASE!
MEvent. CASE!
MEvent. CASE!
MEvent. CASE!
MEvent. CASE!
MEvent. CASE!
MEvent. CASE!
MEvent. CASE!
MEvent. CASE!
MEvent. CASE!
MEvent. CASE!
MEvent. CASE!
MEvent. CASE!
MEvent. CASE!
MEvent. CASE!
MEvent. CASE!
MEvent. CASE!
MEvent. CASE!
MEvent. CASE!
MEvent. CASE!
MEvent. CASE!
MEvent. CASE!
MEvent. CASE!
MEvent. CASE!
MEvent. CASE!
MEvent. CASE!
MEvent. CASE!
MEvent. CASE!
MEvent. CASE!
MEvent. CASE!
MEvent. CASE!
MEvent. CASE!
MEvent. CASE!
MEvent. CASE!
MEvent. CASE!
MEvent. CASE!
MEvent. CASE!
MEvent. CASE!
MEvent. CASE!
MEvent. CASE!
MEvent. CASE!
MEvent. CASE!
MEvent. CASE!
MEvent. CASE!
MEvent. CASE!
MEvent. CASE!
MEvent. CASE!
MEvent. CASE!
MEvent. CASE!
MEvent. CASE!
MEvent. CASE!
MEvent. CASE!
MEvent. CASE!
MEvent. CASE!
MEvent. CASE!
MEvent. CASE!
MEvent. CASE!
MEvent. CASE!
MEvent. CASE!
MEvent. CASE!
MEvent. CASE!
MEvent. CASE!
MEvent. CASE!
MEvent. CASE!
MEvent. CASE!
MEvent. CASE!
MEvent. CASE!
MEvent. CASE!
MEvent. CASE!
MEvent. CASE!
MEvent. CASE!
MEvent. CASE!
MEvent. CASE!
MEvent. CASE!
MEvent. CASE!
MEvent. CASE!
MEvent. CASE!
MEvent. CASE!
MEvent. CASE!
MEvent. CASE!
startgroup
set_property package_pin C9 [get_ports clk]
endgroup
set_property iostandard LVCMOS33 [get_ports [list clk]]
set_property package_pin "" [get_ports [list  {final_state[3]}]]
startgroup
set_property package_pin L13 [get_ports {Y[1]}]
endgroup
startgroup
set_property package_pin L14 [get_ports {Y[0]}]
endgroup
MEvent. CASE!
MEvent. CASE!
MEvent. CASE!
MEvent. CASE!
MEvent. CASE!
MEvent. CASE!
MEvent. CASE!
MEvent. CASE!
MEvent. CASE!
MEvent. CASE!
MEvent. CASE!
MEvent. CASE!
MEvent. CASE!
MEvent. CASE!
MEvent. CASE!
MEvent. CASE!
MEvent. CASE!
MEvent. CASE!
MEvent. CASE!
MEvent. CASE!
MEvent. CASE!
MEvent. CASE!
MEvent. CASE!
MEvent. CASE!
MEvent. CASE!
MEvent. CASE!
MEvent. CASE!
MEvent. CASE!
MEvent. CASE!
MEvent. CASE!
MEvent. CASE!
MEvent. CASE!
MEvent. CASE!
MEvent. CASE!
MEvent. CASE!
MEvent. CASE!
MEvent. CASE!
MEvent. CASE!
MEvent. CASE!
MEvent. CASE!
MEvent. CASE!
MEvent. CASE!
MEvent. CASE!
MEvent. CASE!
MEvent. CASE!
MEvent. CASE!
MEvent. CASE!
MEvent. CASE!
MEvent. CASE!
MEvent. CASE!
MEvent. CASE!
MEvent. CASE!
MEvent. CASE!
MEvent. CASE!
MEvent. CASE!
MEvent. CASE!
MEvent. CASE!
MEvent. CASE!
MEvent. CASE!
MEvent. CASE!
MEvent. CASE!
MEvent. CASE!
MEvent. CASE!
MEvent. CASE!
MEvent. CASE!
MEvent. CASE!
MEvent. CASE!
MEvent. CASE!
MEvent. CASE!
MEvent. CASE!
MEvent. CASE!
MEvent. CASE!
MEvent. CASE!
MEvent. CASE!
MEvent. CASE!
MEvent. CASE!
MEvent. CASE!
MEvent. CASE!
MEvent. CASE!
MEvent. CASE!
MEvent. CASE!
MEvent. CASE!
set_property iostandard LVTTL [get_ports [list {Y[1]} {Y[0]}]]
set_property pulltype PULLUP [get_ports [list {Y[1]} {Y[0]}]]
startgroup
set_property package_pin F12 [get_ports {final_state[0]}]
endgroup
startgroup
set_property package_pin E12 [get_ports {final_state[1]}]
endgroup
startgroup
set_property package_pin E11 [get_ports {final_state[2]}]
endgroup
startgroup
set_property package_pin F11 [get_ports {final_state[3]}]
endgroup
set_property iostandard LVTTL [get_ports [list {final_state[3]} {final_state[2]} {final_state[1]} {final_state[0]}]]
set_property drive 8 [get_ports [list {final_state[3]} {final_state[2]} {final_state[1]} {final_state[0]}]]
MEvent. CASE!
MEvent. CASE!
MEvent. CASE!
MEvent. CASE!
MEvent. CASE!
MEvent. CASE!
MEvent. CASE!
MEvent. CASE!
MEvent. CASE!
MEvent. CASE!
MEvent. CASE!
MEvent. CASE!
MEvent. CASE!
MEvent. CASE!
MEvent. CASE!
MEvent. CASE!
MEvent. CASE!
MEvent. CASE!
MEvent. CASE!
MEvent. CASE!
MEvent. CASE!
MEvent. CASE!
MEvent. CASE!
MEvent. CASE!
MEvent. CASE!
MEvent. CASE!
MEvent. CASE!
MEvent. CASE!
MEvent. CASE!
MEvent. CASE!
MEvent. CASE!
MEvent. CASE!
MEvent. CASE!
MEvent. CASE!
MEvent. CASE!
MEvent. CASE!
MEvent. CASE!
MEvent. CASE!
MEvent. CASE!
MEvent. CASE!
MEvent. CASE!
MEvent. CASE!
MEvent. CASE!
MEvent. CASE!
MEvent. CASE!
MEvent. CASE!
MEvent. CASE!
MEvent. CASE!
MEvent. CASE!
MEvent. CASE!
MEvent. CASE!
MEvent. CASE!
MEvent. CASE!
MEvent. CASE!
MEvent. CASE!
MEvent. CASE!
MEvent. CASE!
MEvent. CASE!
MEvent. CASE!
MEvent. CASE!
MEvent. CASE!
MEvent. CASE!
MEvent. CASE!
MEvent. CASE!
MEvent. CASE!
MEvent. CASE!
MEvent. CASE!
MEvent. CASE!
MEvent. CASE!
MEvent. CASE!
MEvent. CASE!
MEvent. CASE!
MEvent. CASE!
MEvent. CASE!
MEvent. CASE!
MEvent. CASE!
MEvent. CASE!
MEvent. CASE!
MEvent. CASE!
MEvent. CASE!
MEvent. CASE!
MEvent. CASE!
MEvent. CASE!
MEvent. CASE!
MEvent. CASE!
MEvent. CASE!
MEvent. CASE!
MEvent. CASE!
MEvent. CASE!
MEvent. CASE!
save_constraints
exit
ERROR: [Common 17-39] 'stop_gui' failed due to earlier errors.
INFO: [Common 17-206] Exiting PlanAhead at Mon Mar 12 18:43:39 2018...
INFO: [Common 17-83] Releasing license: PlanAhead
