Release 14.7 - xst P.20131013 (lin64)
Copyright (c) 1995-2013 Xilinx, Inc.  All rights reserved.
--> 
Parameter TMPDIR set to xst/projnav.tmp


Total REAL time to Xst completion: 0.00 secs
Total CPU time to Xst completion: 0.03 secs
 
--> 
Parameter xsthdpdir set to xst


Total REAL time to Xst completion: 0.00 secs
Total CPU time to Xst completion: 0.03 secs
 
--> 
Reading design: top_module.prj

TABLE OF CONTENTS
  1) Synthesis Options Summary
  2) HDL Compilation
  3) Design Hierarchy Analysis
  4) HDL Analysis
  5) HDL Synthesis
     5.1) HDL Synthesis Report
  6) Advanced HDL Synthesis
     6.1) Advanced HDL Synthesis Report
  7) Low Level Synthesis
  8) Partition Report
  9) Final Report
	9.1) Device utilization summary
	9.2) Partition Resource Summary
	9.3) TIMING REPORT


=========================================================================
*                      Synthesis Options Summary                        *
=========================================================================
---- Source Parameters
Input File Name                    : "top_module.prj"
Input Format                       : mixed
Ignore Synthesis Constraint File   : NO

---- Target Parameters
Output File Name                   : "top_module"
Output Format                      : NGC
Target Device                      : xc3s500e-4-fg320

---- Source Options
Top Module Name                    : top_module
Automatic FSM Extraction           : YES
FSM Encoding Algorithm             : Auto
Safe Implementation                : No
FSM Style                          : LUT
RAM Extraction                     : Yes
RAM Style                          : Auto
ROM Extraction                     : Yes
Mux Style                          : Auto
Decoder Extraction                 : YES
Priority Encoder Extraction        : Yes
Shift Register Extraction          : YES
Logical Shifter Extraction         : YES
XOR Collapsing                     : YES
ROM Style                          : Auto
Mux Extraction                     : Yes
Resource Sharing                   : YES
Asynchronous To Synchronous        : NO
Multiplier Style                   : Auto
Automatic Register Balancing       : No

---- Target Options
Add IO Buffers                     : YES
Global Maximum Fanout              : 100000
Add Generic Clock Buffer(BUFG)     : 24
Register Duplication               : YES
Slice Packing                      : YES
Optimize Instantiated Primitives   : NO
Use Clock Enable                   : Yes
Use Synchronous Set                : Yes
Use Synchronous Reset              : Yes
Pack IO Registers into IOBs        : Auto
Equivalent register Removal        : YES

---- General Options
Optimization Goal                  : Speed
Optimization Effort                : 1
Keep Hierarchy                     : No
Netlist Hierarchy                  : As_Optimized
RTL Output                         : Yes
Global Optimization                : AllClockNets
Read Cores                         : YES
Write Timing Constraints           : NO
Cross Clock Analysis               : NO
Hierarchy Separator                : /
Bus Delimiter                      : <>
Case Specifier                     : Maintain
Slice Utilization Ratio            : 100
BRAM Utilization Ratio             : 100
Verilog 2001                       : YES
Auto BRAM Packing                  : NO
Slice Utilization Ratio Delta      : 5

=========================================================================


=========================================================================
*                          HDL Compilation                              *
=========================================================================
Compiling verilog file "full_adder.v" in library work
Compiling verilog file "four_bit_adder.v" in library work
Module <full_adder> compiled
Compiling verilog file "five_bit_adder.v" in library work
Module <four_bit_adder> compiled
Compiling verilog file "check.v" in library work
Module <five_bit_adder> compiled
Compiling verilog file "top_module.v" in library work
Module <check> compiled
Module <top_module> compiled
No errors in compilation
Analysis of file <"top_module.prj"> succeeded.
 

=========================================================================
*                     Design Hierarchy Analysis                         *
=========================================================================
Analyzing hierarchy for module <top_module> in library <work>.

Analyzing hierarchy for module <check> in library <work>.

Analyzing hierarchy for module <five_bit_adder> in library <work>.

Analyzing hierarchy for module <four_bit_adder> in library <work>.

Analyzing hierarchy for module <full_adder> in library <work>.


=========================================================================
*                            HDL Analysis                               *
=========================================================================
Analyzing top module <top_module>.
Module <top_module> is correct for synthesis.
 
Analyzing module <check> in library <work>.
Module <check> is correct for synthesis.
 
Analyzing module <five_bit_adder> in library <work>.
Module <five_bit_adder> is correct for synthesis.
 
Analyzing module <four_bit_adder> in library <work>.
Module <four_bit_adder> is correct for synthesis.
 
Analyzing module <full_adder> in library <work>.
Module <full_adder> is correct for synthesis.
 

=========================================================================
*                           HDL Synthesis                               *
=========================================================================

Performing bidirectional port resolution...

Synthesizing Unit <check>.
    Related source file is "check.v".
    Found 1-bit register for signal <r_event>.
    Summary:
	inferred   1 D-type flip-flop(s).
Unit <check> synthesized.


Synthesizing Unit <full_adder>.
    Related source file is "full_adder.v".
    Found 1-bit xor3 for signal <sum>.
    Summary:
	inferred   1 Xor(s).
Unit <full_adder> synthesized.


Synthesizing Unit <four_bit_adder>.
    Related source file is "four_bit_adder.v".
Unit <four_bit_adder> synthesized.


Synthesizing Unit <five_bit_adder>.
    Related source file is "five_bit_adder.v".
    Found 1-bit xor3 for signal <Z<4>>.
    Summary:
	inferred   1 Xor(s).
Unit <five_bit_adder> synthesized.


Synthesizing Unit <top_module>.
    Related source file is "top_module.v".
    Register <temp_1<3>> equivalent to <temp_1<2>> has been removed
    Register <temp_1<4>> equivalent to <temp_1<2>> has been removed
    Register <temp_2<3>> equivalent to <temp_2<2>> has been removed
    Register <temp_2<4>> equivalent to <temp_2<2>> has been removed
    Found 4x4-bit ROM for signal <direction$rom0000>.
    Found 4-bit register for signal <X>.
    Found 4-bit register for signal <Y>.
    Found 1-bit register for signal <bottom>.
    Found 1-bit register for signal <left>.
    Found 1-bit register for signal <prev_event>.
    Found 1-bit register for signal <right>.
    Found 3-bit register for signal <temp_1<2:0>>.
    Found 1-bit 4-to-1 multiplexer for signal <temp_1_0$mux0000>.
    Found 1-bit 4-to-1 multiplexer for signal <temp_1_1$mux0000>.
    Found 1-bit 4-to-1 multiplexer for signal <temp_1_2$mux0000>.
    Found 3-bit register for signal <temp_2<2:0>>.
    Found 1-bit 4-to-1 multiplexer for signal <temp_2_0$mux0000>.
    Found 1-bit 4-to-1 multiplexer for signal <temp_2_1$mux0000>.
    Found 1-bit 4-to-1 multiplexer for signal <temp_2_2$mux0000>.
    Found 1-bit register for signal <top>.
    Found 4-bit register for signal <x_temp>.
    Found 4-bit register for signal <y_temp>.
    Summary:
	inferred   1 ROM(s).
	inferred  27 D-type flip-flop(s).
	inferred   6 Multiplexer(s).
Unit <top_module> synthesized.


=========================================================================
HDL Synthesis Report

Macro Statistics
# ROMs                                                 : 1
 4x4-bit ROM                                           : 1
# Registers                                            : 16
 1-bit register                                        : 12
 4-bit register                                        : 4
# Multiplexers                                         : 6
 1-bit 4-to-1 multiplexer                              : 6
# Xors                                                 : 10
 1-bit xor3                                            : 10

=========================================================================

=========================================================================
*                       Advanced HDL Synthesis                          *
=========================================================================


=========================================================================
Advanced HDL Synthesis Report

Macro Statistics
# ROMs                                                 : 1
 4x4-bit ROM                                           : 1
# Registers                                            : 28
 Flip-Flops                                            : 28
# Multiplexers                                         : 6
 1-bit 4-to-1 multiplexer                              : 6
# Xors                                                 : 10
 1-bit xor3                                            : 10

=========================================================================

=========================================================================
*                         Low Level Synthesis                           *
=========================================================================

Optimizing unit <top_module> ...

Mapping all equations...
Building and optimizing final netlist ...
Found area constraint ratio of 100 (+ 5) on block top_module, actual ratio is 0.

Final Macro Processing ...

=========================================================================
Final Register Report

Macro Statistics
# Registers                                            : 28
 Flip-Flops                                            : 28

=========================================================================

=========================================================================
*                           Partition Report                            *
=========================================================================

Partition Implementation Status
-------------------------------

  No Partitions were found in this design.

-------------------------------

=========================================================================
*                            Final Report                               *
=========================================================================
Final Results
RTL Top Level Output File Name     : top_module.ngr
Top Level Output File Name         : top_module
Output Format                      : NGC
Optimization Goal                  : Speed
Keep Hierarchy                     : No

Design Statistics
# IOs                              : 15

Cell Usage :
# BELS                             : 40
#      LUT2                        : 9
#      LUT2_L                      : 2
#      LUT3_L                      : 2
#      LUT4                        : 20
#      LUT4_D                      : 2
#      LUT4_L                      : 2
#      MUXF5                       : 2
#      VCC                         : 1
# FlipFlops/Latches                : 28
#      FD                          : 1
#      FDE                         : 26
#      FDRE                        : 1
# Clock Buffers                    : 1
#      BUFGP                       : 1
# IO Buffers                       : 14
#      IBUF                        : 6
#      OBUF                        : 8
=========================================================================

Device utilization summary:
---------------------------

Selected Device : 3s500efg320-4 

 Number of Slices:                       22  out of   4656     0%  
 Number of Slice Flip Flops:             28  out of   9312     0%  
 Number of 4 input LUTs:                 37  out of   9312     0%  
 Number of IOs:                          15
 Number of bonded IOBs:                  15  out of    232     6%  
 Number of GCLKs:                         1  out of     24     4%  

---------------------------
Partition Resource Summary:
---------------------------

  No Partitions were found in this design.

---------------------------


=========================================================================
TIMING REPORT

NOTE: THESE TIMING NUMBERS ARE ONLY A SYNTHESIS ESTIMATE.
      FOR ACCURATE TIMING INFORMATION PLEASE REFER TO THE TRACE REPORT
      GENERATED AFTER PLACE-and-ROUTE.

Clock Information:
------------------
-----------------------------------+------------------------+-------+
Clock Signal                       | Clock buffer(FF name)  | Load  |
-----------------------------------+------------------------+-------+
clk                                | BUFGP                  | 28    |
-----------------------------------+------------------------+-------+

Asynchronous Control Signals Information:
----------------------------------------
No asynchronous control signals found in this design

Timing Summary:
---------------
Speed Grade: -4

   Minimum period: 4.675ns (Maximum Frequency: 213.904MHz)
   Minimum input arrival time before clock: 3.875ns
   Maximum output required time after clock: 4.310ns
   Maximum combinational path delay: No path found

Timing Detail:
--------------
All values displayed in nanoseconds (ns)

=========================================================================
Timing constraint: Default period analysis for Clock 'clk'
  Clock period: 4.675ns (frequency: 213.904MHz)
  Total number of paths / destination ports: 245 / 43
-------------------------------------------------------------------------
Delay:               4.675ns (Levels of Logic = 3)
  Source:            temp_1_1 (FF)
  Destination:       X_1 (FF)
  Source Clock:      clk rising
  Destination Clock: clk rising

  Data Path: temp_1_1 to X_1
                                Gate     Net
    Cell:in->out      fanout   Delay   Delay  Logical Name (Net Name)
    ----------------------------------------  ------------
     FDE:C->Q              2   0.591   0.622  temp_1_1 (temp_1_1)
     LUT4:I0->O            4   0.704   0.591  FB1/FB0/FA1/cout1 (FB1/FB0/temp<1>)
     LUT4_D:I3->O          2   0.704   0.451  FB1/Mxor_Z<4>_xo<0>1 (temp_3<4>)
     LUT4:I3->O            1   0.704   0.000  X_mux0000<2> (X_mux0000<2>)
     FDE:D                     0.308          X_2
    ----------------------------------------
    Total                      4.675ns (3.011ns logic, 1.664ns route)
                                       (64.4% logic, 35.6% route)

=========================================================================
Timing constraint: Default OFFSET IN BEFORE for Clock 'clk'
  Total number of paths / destination ports: 32 / 12
-------------------------------------------------------------------------
Offset:              3.875ns (Levels of Logic = 2)
  Source:            rot_a (PAD)
  Destination:       C1/r_event (FF)
  Destination Clock: clk rising

  Data Path: rot_a to C1/r_event
                                Gate     Net
    Cell:in->out      fanout   Delay   Delay  Logical Name (Net Name)
    ----------------------------------------  ------------
     IBUF:I->O             2   1.218   0.622  rot_a_IBUF (rot_a_IBUF)
     LUT2:I0->O            1   0.704   0.420  C1/r_event_and00011 (C1/r_event_not0001_inv)
     FDRE:R                    0.911          C1/r_event
    ----------------------------------------
    Total                      3.875ns (2.833ns logic, 1.042ns route)
                                       (73.1% logic, 26.9% route)

=========================================================================
Timing constraint: Default OFFSET OUT AFTER for Clock 'clk'
  Total number of paths / destination ports: 8 / 8
-------------------------------------------------------------------------
Offset:              4.310ns (Levels of Logic = 1)
  Source:            X_3 (FF)
  Destination:       X<3> (PAD)
  Source Clock:      clk rising

  Data Path: X_3 to X<3>
                                Gate     Net
    Cell:in->out      fanout   Delay   Delay  Logical Name (Net Name)
    ----------------------------------------  ------------
     FDE:C->Q              2   0.591   0.447  X_3 (X_3)
     OBUF:I->O                 3.272          X_3_OBUF (X<3>)
    ----------------------------------------
    Total                      4.310ns (3.863ns logic, 0.447ns route)
                                       (89.6% logic, 10.4% route)

=========================================================================


Total REAL time to Xst completion: 3.00 secs
Total CPU time to Xst completion: 3.01 secs
 
--> 


Total memory usage is 512396 kilobytes

Number of errors   :    0 (   0 filtered)
Number of warnings :    0 (   0 filtered)
Number of infos    :    0 (   0 filtered)

