Release 14.7 - xst P.20131013 (lin64)
Copyright (c) 1995-2013 Xilinx, Inc.  All rights reserved.
--> 
Parameter TMPDIR set to xst/projnav.tmp


Total REAL time to Xst completion: 0.00 secs
Total CPU time to Xst completion: 0.22 secs
 
--> 
Parameter xsthdpdir set to xst


Total REAL time to Xst completion: 0.00 secs
Total CPU time to Xst completion: 0.22 secs
 
--> 
Reading design: sorting.prj

TABLE OF CONTENTS
  1) Synthesis Options Summary
  2) HDL Compilation
  3) Design Hierarchy Analysis
  4) HDL Analysis
  5) HDL Synthesis
     5.1) HDL Synthesis Report
  6) Advanced HDL Synthesis
     6.1) Advanced HDL Synthesis Report
  7) Low Level Synthesis
  8) Partition Report
  9) Final Report
	9.1) Device utilization summary
	9.2) Partition Resource Summary
	9.3) TIMING REPORT


=========================================================================
*                      Synthesis Options Summary                        *
=========================================================================
---- Source Parameters
Input File Name                    : "sorting.prj"
Input Format                       : mixed
Ignore Synthesis Constraint File   : NO

---- Target Parameters
Output File Name                   : "sorting"
Output Format                      : NGC
Target Device                      : xc3s500e-4-fg320

---- Source Options
Top Module Name                    : sorting
Automatic FSM Extraction           : YES
FSM Encoding Algorithm             : Auto
Safe Implementation                : No
FSM Style                          : LUT
RAM Extraction                     : Yes
RAM Style                          : Auto
ROM Extraction                     : Yes
Mux Style                          : Auto
Decoder Extraction                 : YES
Priority Encoder Extraction        : Yes
Shift Register Extraction          : YES
Logical Shifter Extraction         : YES
XOR Collapsing                     : YES
ROM Style                          : Auto
Mux Extraction                     : Yes
Resource Sharing                   : YES
Asynchronous To Synchronous        : NO
Multiplier Style                   : Auto
Automatic Register Balancing       : No

---- Target Options
Add IO Buffers                     : YES
Global Maximum Fanout              : 100000
Add Generic Clock Buffer(BUFG)     : 24
Register Duplication               : YES
Slice Packing                      : YES
Optimize Instantiated Primitives   : NO
Use Clock Enable                   : Yes
Use Synchronous Set                : Yes
Use Synchronous Reset              : Yes
Pack IO Registers into IOBs        : Auto
Equivalent register Removal        : YES

---- General Options
Optimization Goal                  : Speed
Optimization Effort                : 1
Keep Hierarchy                     : No
Netlist Hierarchy                  : As_Optimized
RTL Output                         : Yes
Global Optimization                : AllClockNets
Read Cores                         : YES
Write Timing Constraints           : NO
Cross Clock Analysis               : NO
Hierarchy Separator                : /
Bus Delimiter                      : <>
Case Specifier                     : Maintain
Slice Utilization Ratio            : 100
BRAM Utilization Ratio             : 100
Verilog 2001                       : YES
Auto BRAM Packing                  : NO
Slice Utilization Ratio Delta      : 5

=========================================================================


=========================================================================
*                          HDL Compilation                              *
=========================================================================
Compiling verilog file "initialise.v" in library work
Compiling verilog file "sorting.v" in library work
Module <initialise> compiled
Module <sorting> compiled
No errors in compilation
Analysis of file <"sorting.prj"> succeeded.
 

=========================================================================
*                     Design Hierarchy Analysis                         *
=========================================================================
Analyzing hierarchy for module <sorting> in library <work>.

Analyzing hierarchy for module <initialise> in library <work>.


=========================================================================
*                            HDL Analysis                               *
=========================================================================
Analyzing top module <sorting>.
Module <sorting> is correct for synthesis.
 
Analyzing module <initialise> in library <work>.
Module <initialise> is correct for synthesis.
 

=========================================================================
*                           HDL Synthesis                               *
=========================================================================

Performing bidirectional port resolution...
INFO:Xst:2679 - Register <lcd_w> in unit <initialise> has a constant value of 0 during circuit operation. The register is replaced by logic.

Synthesizing Unit <initialise>.
    Related source file is "initialise.v".
    Found finite state machine <FSM_0> for signal <waiting>.
    -----------------------------------------------------------------------
    | States             | 3                                              |
    | Transitions        | 75                                             |
    | Inputs             | 19                                             |
    | Outputs            | 3                                              |
    | Clock              | clk                       (rising_edge)        |
    | Power Up State     | 00                                             |
    | Encoding           | automatic                                      |
    | Implementation     | LUT                                            |
    -----------------------------------------------------------------------
    Found finite state machine <FSM_1> for signal <state>.
    -----------------------------------------------------------------------
    | States             | 4                                              |
    | Transitions        | 14                                             |
    | Inputs             | 5                                              |
    | Outputs            | 4                                              |
    | Clock              | clk                       (rising_edge)        |
    | Power Up State     | 000                                            |
    | Encoding           | automatic                                      |
    | Implementation     | LUT                                            |
    -----------------------------------------------------------------------
    Found 1-bit register for signal <lcd_e>.
    Found 1-bit register for signal <lcd_rs>.
    Found 4-bit register for signal <data>.
    Found 7-bit register for signal <bits>.
    Found 7-bit subtractor for signal <bits$addsub0000>.
    Found 5-bit register for signal <characters>.
    Found 5-bit adder for signal <characters$addsub0000>.
    Found 32-bit register for signal <counter>.
    Found 32-bit adder for signal <counter$share0000>.
    Found 6-bit register for signal <flag>.
    Found 6-bit adder for signal <flag$share0000>.
    Summary:
	inferred   2 Finite State Machine(s).
	inferred  56 D-type flip-flop(s).
	inferred   4 Adder/Subtractor(s).
	inferred   2 Multiplexer(s).
Unit <initialise> synthesized.


Synthesizing Unit <sorting>.
    Related source file is "sorting.v".
    Found 4-bit adder for signal <$sub0000> created at line 69.
    Found 2-bit up counter for signal <num_ones>.
    Found 2-bit register for signal <num_zeros>.
    Found 2-bit adder for signal <num_zeros$addsub0000> created at line 60.
    Found 3-bit down counter for signal <position>.
    Found 1-bit register for signal <state>.
    Found 1-bit register for signal <string1<120>>.
    Found 1-bit register for signal <string1<112>>.
    Found 1-bit register for signal <string1<104>>.
    Found 1-bit register for signal <string1<96>>.
    Found 1-bit register for signal <string1<24>>.
    Found 1-bit register for signal <string1<16>>.
    Found 1-bit register for signal <string1<8>>.
    Found 1-bit register for signal <string1<0>>.
    Found 2-bit register for signal <string2<121:120>>.
    Found 2-bit register for signal <string2<105:104>>.
    Found 2-bit register for signal <string2<89:88>>.
    Found 2-bit register for signal <string2<73:72>>.
    Found 4-bit register for signal <Y>.
    Found 8-bit register for signal <Z>.
    Summary:
	inferred   2 Counter(s).
	inferred  31 D-type flip-flop(s).
	inferred   4 Adder/Subtractor(s).
Unit <sorting> synthesized.

INFO:Xst:1767 - HDL ADVISOR - Resource sharing has identified that some arithmetic operations in this design can share the same physical resources for reduced device utilization. For improved clock frequency you may try to disable resource sharing.

=========================================================================
HDL Synthesis Report

Macro Statistics
# Adders/Subtractors                                   : 8
 2-bit adder                                           : 1
 3-bit adder                                           : 1
 32-bit adder                                          : 1
 4-bit adder                                           : 1
 4-bit subtractor                                      : 1
 5-bit adder                                           : 1
 6-bit adder                                           : 1
 7-bit subtractor                                      : 1
# Counters                                             : 2
 2-bit up counter                                      : 1
 3-bit down counter                                    : 1
# Registers                                            : 33
 1-bit register                                        : 23
 2-bit register                                        : 5
 32-bit register                                       : 1
 4-bit register                                        : 1
 5-bit register                                        : 1
 6-bit register                                        : 1
 7-bit register                                        : 1
# Multiplexers                                         : 2
 1-bit 128-to-1 multiplexer                            : 2

=========================================================================

=========================================================================
*                       Advanced HDL Synthesis                          *
=========================================================================

Analyzing FSM <FSM_1> for best encoding.
Optimizing FSM <I1/state/FSM> on signal <state[1:2]> with gray encoding.
-------------------
 State | Encoding
-------------------
 000   | 00
 001   | 01
 010   | 11
 011   | 10
-------------------
Analyzing FSM <FSM_0> for best encoding.
Optimizing FSM <I1/waiting/FSM> on signal <waiting[1:2]> with gray encoding.
-------------------
 State | Encoding
-------------------
 00    | 00
 01    | 01
 10    | 11
-------------------

=========================================================================
Advanced HDL Synthesis Report

Macro Statistics
# FSMs                                                 : 2
# Adders/Subtractors                                   : 8
 2-bit adder                                           : 3
 2-bit subtractor                                      : 1
 32-bit adder                                          : 1
 5-bit adder                                           : 1
 6-bit adder                                           : 1
 7-bit subtractor                                      : 1
# Counters                                             : 2
 2-bit up counter                                      : 1
 3-bit down counter                                    : 1
# Registers                                            : 87
 Flip-Flops                                            : 87
# Multiplexers                                         : 2
 1-bit 128-to-1 multiplexer                            : 2

=========================================================================

=========================================================================
*                         Low Level Synthesis                           *
=========================================================================

Optimizing unit <sorting> ...

Optimizing unit <initialise> ...
WARNING:Xst:1293 - FF/Latch <bits_0> has a constant value of 1 in block <initialise>. This FF/Latch will be trimmed during the optimization process.
WARNING:Xst:1896 - Due to other FF/Latch trimming, FF/Latch <bits_1> has a constant value of 1 in block <initialise>. This FF/Latch will be trimmed during the optimization process.
WARNING:Xst:1293 - FF/Latch <bits_0> has a constant value of 1 in block <initialise>. This FF/Latch will be trimmed during the optimization process.
WARNING:Xst:1896 - Due to other FF/Latch trimming, FF/Latch <bits_1> has a constant value of 1 in block <initialise>. This FF/Latch will be trimmed during the optimization process.

Mapping all equations...
Building and optimizing final netlist ...
Found area constraint ratio of 100 (+ 5) on block sorting, actual ratio is 3.

Final Macro Processing ...

=========================================================================
Final Register Report

Macro Statistics
# Registers                                            : 94
 Flip-Flops                                            : 94

=========================================================================

=========================================================================
*                           Partition Report                            *
=========================================================================

Partition Implementation Status
-------------------------------

  No Partitions were found in this design.

-------------------------------

=========================================================================
*                            Final Report                               *
=========================================================================
Final Results
RTL Top Level Output File Name     : sorting.ngr
Top Level Output File Name         : sorting
Output Format                      : NGC
Optimization Goal                  : Speed
Keep Hierarchy                     : No

Design Statistics
# IOs                              : 12

Cell Usage :
# BELS                             : 381
#      GND                         : 1
#      INV                         : 4
#      LUT1                        : 31
#      LUT2                        : 20
#      LUT2_D                      : 4
#      LUT2_L                      : 4
#      LUT3                        : 40
#      LUT3_D                      : 3
#      LUT3_L                      : 5
#      LUT4                        : 137
#      LUT4_D                      : 17
#      LUT4_L                      : 24
#      MUXCY                       : 39
#      MUXF5                       : 18
#      MUXF6                       : 1
#      VCC                         : 1
#      XORCY                       : 32
# FlipFlops/Latches                : 94
#      FD                          : 60
#      FDE                         : 12
#      FDR                         : 2
#      FDRE                        : 2
#      FDS                         : 18
# Clock Buffers                    : 1
#      BUFGP                       : 1
# IO Buffers                       : 11
#      IBUF                        : 4
#      OBUF                        : 7
=========================================================================

Device utilization summary:
---------------------------

Selected Device : 3s500efg320-4 

 Number of Slices:                      152  out of   4656     3%  
 Number of Slice Flip Flops:             94  out of   9312     1%  
 Number of 4 input LUTs:                289  out of   9312     3%  
 Number of IOs:                          12
 Number of bonded IOBs:                  12  out of    232     5%  
 Number of GCLKs:                         1  out of     24     4%  

---------------------------
Partition Resource Summary:
---------------------------

  No Partitions were found in this design.

---------------------------


=========================================================================
TIMING REPORT

NOTE: THESE TIMING NUMBERS ARE ONLY A SYNTHESIS ESTIMATE.
      FOR ACCURATE TIMING INFORMATION PLEASE REFER TO THE TRACE REPORT
      GENERATED AFTER PLACE-and-ROUTE.

Clock Information:
------------------
-----------------------------------+------------------------+-------+
Clock Signal                       | Clock buffer(FF name)  | Load  |
-----------------------------------+------------------------+-------+
clk                                | BUFGP                  | 94    |
-----------------------------------+------------------------+-------+

Asynchronous Control Signals Information:
----------------------------------------
No asynchronous control signals found in this design

Timing Summary:
---------------
Speed Grade: -4

   Minimum period: 8.872ns (Maximum Frequency: 112.714MHz)
   Minimum input arrival time before clock: 6.548ns
   Maximum output required time after clock: 4.450ns
   Maximum combinational path delay: No path found

Timing Detail:
--------------
All values displayed in nanoseconds (ns)

=========================================================================
Timing constraint: Default period analysis for Clock 'clk'
  Clock period: 8.872ns (frequency: 112.714MHz)
  Total number of paths / destination ports: 6129 / 126
-------------------------------------------------------------------------
Delay:               8.872ns (Levels of Logic = 5)
  Source:            I1/flag_4 (FF)
  Destination:       I1/characters_4 (FF)
  Source Clock:      clk rising
  Destination Clock: clk rising

  Data Path: I1/flag_4 to I1/characters_4
                                Gate     Net
    Cell:in->out      fanout   Delay   Delay  Logical Name (Net Name)
    ----------------------------------------  ------------
     FDS:C->Q             15   0.591   1.192  I1/flag_4 (I1/flag_4)
     LUT2:I0->O           25   0.704   1.264  I1/flag_mux0000<1>22 (I1/flag_mux0000<1>22)
     LUT4_D:I3->O         16   0.704   1.038  I1/counter_or00031 (I1/counter_or0003)
     LUT4:I3->O            1   0.704   0.424  I1/characters_mux0000<0>1_SW0 (N42)
     LUT4_D:I3->O          3   0.704   0.535  I1/characters_mux0000<0>1 (I1/N18)
     LUT4:I3->O            1   0.704   0.000  I1/characters_mux0000<3> (I1/characters_mux0000<3>)
     FD:D                      0.308          I1/characters_3
    ----------------------------------------
    Total                      8.872ns (4.419ns logic, 4.453ns route)
                                       (49.8% logic, 50.2% route)

=========================================================================
Timing constraint: Default OFFSET IN BEFORE for Clock 'clk'
  Total number of paths / destination ports: 62 / 20
-------------------------------------------------------------------------
Offset:              6.548ns (Levels of Logic = 5)
  Source:            X<3> (PAD)
  Destination:       Y_0 (FF)
  Destination Clock: clk rising

  Data Path: X<3> to Y_0
                                Gate     Net
    Cell:in->out      fanout   Delay   Delay  Logical Name (Net Name)
    ----------------------------------------  ------------
     IBUF:I->O             3   1.218   0.535  X_3_IBUF (X_3_IBUF)
     LUT4:I3->O            1   0.704   0.000  _COND_3_F (N166)
     MUXF5:I0->O           8   0.321   0.757  _COND_3 (_COND_3)
     MUXF5:S->O            1   0.739   0.595  Y_0_not000111 (Y_0_not000111)
     LUT4:I0->O            1   0.704   0.420  Y_0_not000116 (Y_0_not0001)
     FDE:CE                    0.555          Y_0
    ----------------------------------------
    Total                      6.548ns (4.241ns logic, 2.307ns route)
                                       (64.8% logic, 35.2% route)

=========================================================================
Timing constraint: Default OFFSET OUT AFTER for Clock 'clk'
  Total number of paths / destination ports: 6 / 6
-------------------------------------------------------------------------
Offset:              4.450ns (Levels of Logic = 1)
  Source:            I1/lcd_e (FF)
  Destination:       lcd_e (PAD)
  Source Clock:      clk rising

  Data Path: I1/lcd_e to lcd_e
                                Gate     Net
    Cell:in->out      fanout   Delay   Delay  Logical Name (Net Name)
    ----------------------------------------  ------------
     FDS:C->Q              4   0.591   0.587  I1/lcd_e (I1/lcd_e)
     OBUF:I->O                 3.272          lcd_e_OBUF (lcd_e)
    ----------------------------------------
    Total                      4.450ns (3.863ns logic, 0.587ns route)
                                       (86.8% logic, 13.2% route)

=========================================================================


Total REAL time to Xst completion: 54.00 secs
Total CPU time to Xst completion: 53.29 secs
 
--> 


Total memory usage is 536668 kilobytes

Number of errors   :    0 (   0 filtered)
Number of warnings :    4 (   0 filtered)
Number of infos    :    2 (   0 filtered)

