#-----------------------------------------------------------
# PlanAhead v14.7 (64-bit)
# Build 321239 by xbuild on Fri Sep 27 19:24:36 MDT 2013
# Start of session at: Mon Feb 12 15:22:53 2018
# Process ID: 19852
# Log file: /media/subhamkr/R_SAXENA/4.2/seven_bit/planAhead_run_3/planAhead.log
# Journal file: /media/subhamkr/R_SAXENA/4.2/seven_bit/planAhead_run_3/planAhead.jou
#-----------------------------------------------------------
INFO: [Common 17-78] Attempting to get a license: PlanAhead
INFO: [Common 17-290] Got license for PlanAhead
INFO: [Device 21-36] Loading parts and site information from /opt/Xilinx/14.7/ISE_DS/PlanAhead/data/parts/arch.xml
Parsing RTL primitives file [/opt/Xilinx/14.7/ISE_DS/PlanAhead/data/parts/xilinx/rtl/prims/rtl_prims.xml]
Finished parsing RTL primitives file [/opt/Xilinx/14.7/ISE_DS/PlanAhead/data/parts/xilinx/rtl/prims/rtl_prims.xml]
start_gui
source /media/subhamkr/R_SAXENA/4.2/seven_bit/pa.fromHdl.tcl
# create_project -name seven_bit -dir "/media/subhamkr/R_SAXENA/4.2/seven_bit/planAhead_run_3" -part xc3s500efg320-4
ERROR: [Common 17-53] User Exception: Project already exists on disk, please use '-force' option to overwrite: 
     /media/subhamkr/R_SAXENA/4.2/seven_bit/planAhead_run_3/seven_bit.ppr
     /media/subhamkr/R_SAXENA/4.2/seven_bit/planAhead_run_3/seven_bit.data

    while executing
"create_project -name seven_bit -dir "/media/subhamkr/R_SAXENA/4.2/seven_bit/planAhead_run_3" -part xc3s500efg320-4"
    (file "/media/subhamkr/R_SAXENA/4.2/seven_bit/pa.fromHdl.tcl" line 4)
exit
INFO: [Common 17-206] Exiting PlanAhead at Mon Feb 12 15:24:08 2018...
INFO: [Common 17-83] Releasing license: PlanAhead
