#-----------------------------------------------------------
# PlanAhead v14.7 (64-bit)
# Build 321239 by xbuild on Fri Sep 27 19:24:36 MDT 2013
# Start of session at: Mon Mar  5 17:30:05 2018
# Process ID: 12210
# Log file: /users/btech/vinayakt/Desktop/lab5/LCD_Driver/planAhead_run_1/planAhead.log
# Journal file: /users/btech/vinayakt/Desktop/lab5/LCD_Driver/planAhead_run_1/planAhead.jou
#-----------------------------------------------------------
INFO: [Common 17-78] Attempting to get a license: PlanAhead
INFO: [Common 17-290] Got license for PlanAhead
INFO: [Device 21-36] Loading parts and site information from /opt/Xilinx/14.7/ISE_DS/PlanAhead/data/parts/arch.xml
Parsing RTL primitives file [/opt/Xilinx/14.7/ISE_DS/PlanAhead/data/parts/xilinx/rtl/prims/rtl_prims.xml]
Finished parsing RTL primitives file [/opt/Xilinx/14.7/ISE_DS/PlanAhead/data/parts/xilinx/rtl/prims/rtl_prims.xml]
start_gui
source /users/btech/vinayakt/Desktop/lab5/LCD_Driver/pa.fromHdl.tcl
# create_project -name LCD_Driver -dir "/users/btech/vinayakt/Desktop/lab5/LCD_Driver/planAhead_run_1" -part xc7a100tcsg324-3
create_project: Time (s): cpu = 00:00:31 ; elapsed = 00:00:18 . Memory (MB): peak = 2666.668 ; gain = 23.176
# set_param project.pinAheadLayout yes
# set srcset [get_property srcset [current_run -impl]]
# set_property target_constrs_file "lcd_top.ucf" [current_fileset -constrset]
Adding file '/users/btech/vinayakt/Desktop/lab5/LCD_Driver/lcd_top.ucf' to fileset 'constrs_1'
# set hdlfile [add_files [list {initialise.v}]]
# set_property file_type Verilog $hdlfile
# set_property library work $hdlfile
# set hdlfile [add_files [list {lcd_top.v}]]
# set_property file_type Verilog $hdlfile
# set_property library work $hdlfile
# set_property top lcd_top $srcset
# add_files [list {lcd_top.ucf}] -fileset [get_property constrset [current_run]]
# open_rtl_design -part xc7a100tcsg324-3
Using Verific elaboration
Parsing VHDL file "/opt/Xilinx/14.7/ISE_DS/PlanAhead/data/parts/xilinx/rtl/lib/synplify/synattr.vhd" into library synplify
Analyzing Verilog file "/users/btech/vinayakt/Desktop/lab5/LCD_Driver/initialise.v" into library work
Analyzing Verilog file "/users/btech/vinayakt/Desktop/lab5/LCD_Driver/lcd_top.v" into library work
Loading clock regions from /opt/Xilinx/14.7/ISE_DS/PlanAhead/data/parts/xilinx/artix7/artix7/xc7a100t/ClockRegion.xml
Loading clock buffers from /opt/Xilinx/14.7/ISE_DS/PlanAhead/data/parts/xilinx/artix7/artix7/xc7a100t/ClockBuffers.xml
Loading clock placement rules from /opt/Xilinx/14.7/ISE_DS/PlanAhead/data/parts/xilinx/artix7/ClockPlacerRules.xml
Loading package pin functions from /opt/Xilinx/14.7/ISE_DS/PlanAhead/data/parts/xilinx/artix7/PinFunctions.xml...
Loading package from /opt/Xilinx/14.7/ISE_DS/PlanAhead/data/parts/xilinx/artix7/artix7/xc7a100t/csg324/Package.xml
Loading io standards from /opt/Xilinx/14.7/ISE_DS/PlanAhead/data/./parts/xilinx/artix7/IOStandards.xml
Loading device configuration modes from /opt/Xilinx/14.7/ISE_DS/PlanAhead/data/parts/xilinx/artix7/ConfigModes.xml
Loading list of drcs for the architecture : /opt/Xilinx/14.7/ISE_DS/PlanAhead/data/./parts/xilinx/artix7/drc.xml
Parsing UCF File [/users/btech/vinayakt/Desktop/lab5/LCD_Driver/lcd_top.ucf]
Finished Parsing UCF File [/users/btech/vinayakt/Desktop/lab5/LCD_Driver/lcd_top.ucf]
INFO: [Project 1-111] Unisim Transformation Summary:
No Unisim elements were transformed.

Phase 0 | Netlist Checksum: 426e9787
open_rtl_design: Time (s): cpu = 00:02:32 ; elapsed = 00:01:15 . Memory (MB): peak = 2975.836 ; gain = 309.168
update_compile_order -fileset sim_1
set_property iostandard LVCMOS33 [get_ports [list {data[3]} {data[2]} {data[1]} {data[0]}]]
set_property drive 4 [get_ports [list {data[3]} {data[2]} {data[1]} {data[0]}]]
startgroup
set_property package_pin R15 [get_ports {data[0]}]
endgroup
startgroup
set_property package_pin R16 [get_ports {data[1]}]
endgroup
startgroup
set_property package_pin P17 [get_ports {data[2]}]
endgroup
exit
ERROR: [#UNDEF] *** Exception: ui.h.b: Found deleted key in HTclEventBroker. Verify if the classes listed here call cleanup()
HTclEvent: SIGNAL_BUS_MODIFY   Classes: ui.views.aR 
HTclEvent: SIGNAL_MODIFY   Classes: ui.views.aR 
HTclEvent: DEBUG_CORE_CONFIG_CHANGE   Classes: ui.views.aR 
HTclEvent: DEBUG_PORT_CONFIG_CHANGE   Classes: ui.views.aR 
 (See /users/btech/vinayakt/Desktop/lab5/LCD_Driver/planAhead_pid12210.debug)
ERROR: [Common 17-39] 'stop_gui' failed due to earlier errors.
INFO: [Common 17-206] Exiting PlanAhead at Mon Mar  5 17:36:58 2018...
INFO: [Common 17-83] Releasing license: PlanAhead
