Command line:
   full_adder_sch_full_adder_sch_sch_tb_isim_beh.exe
     -simmode  gui
     -simrunnum  0
     -socket  39723

Mon Jan 15 16:09:32 2018


 Elaboration Time: 0.03 sec

 Current Memory Usage: 238.486 Meg

 Total Signals          : 43
 Total Nets             : 22
 Total Signal Drivers   : 14
 Total Blocks           : 9
 Total Primitive Blocks : 7
 Total Processes        : 17
 Total Traceable Variables  : 21
 Total Scalar Nets and Variables : 105
Total Line Count : 28

 Total Simulation Time: 0.04 sec

 Current Memory Usage: 313.987 Meg

Mon Jan 15 16:09:45 2018

