--------------------------------------------------------------------------------
Release 14.7 Trace  (lin64)
Copyright (c) 1995-2013 Xilinx, Inc.  All rights reserved.

/opt/Xilinx/14.7/ISE_DS/ISE/bin/lin64/unwrapped/trce -intstyle ise -v 3 -s 4 -n
3 -fastpaths -xml six_bit_adder.twx six_bit_adder.ncd -o six_bit_adder.twr
six_bit_adder.pcf

Design file:              six_bit_adder.ncd
Physical constraint file: six_bit_adder.pcf
Device,package,speed:     xc3s500e,fg320,-4 (PRODUCTION 1.27 2013-10-13)
Report level:             verbose report

Environment Variable      Effect 
--------------------      ------ 
NONE                      No environment variables were set
--------------------------------------------------------------------------------

INFO:Timing:2698 - No timing constraints found, doing default enumeration.
INFO:Timing:3412 - To improve timing, see the Timing Closure User Guide (UG612).
INFO:Timing:2752 - To get complete path coverage, use the unconstrained paths 
   option. All paths that are not constrained will be reported in the 
   unconstrained paths section(s) of the report.
INFO:Timing:3339 - The clock-to-out numbers in this timing report are based on 
   a 50 Ohm transmission line loading model.  For the details of this model, 
   and for more information on accounting for different loading conditions, 
   please see the device datasheet.
INFO:Timing:3390 - This architecture does not support a default System Jitter 
   value, please add SYSTEM_JITTER constraint to the UCF to modify the Clock 
   Uncertainty calculation.
INFO:Timing:3389 - This architecture does not support 'Discrete Jitter' and 
   'Phase Error' calculations, these terms will be zero in the Clock 
   Uncertainty calculation.  Please make appropriate modification to 
   SYSTEM_JITTER to account for the unsupported Discrete Jitter and Phase 
   Error.



Data Sheet report:
-----------------
All values displayed in nanoseconds (ns)

Pad to Pad
---------------+---------------+---------+
Source Pad     |Destination Pad|  Delay  |
---------------+---------------+---------+
X<0>           |Z<0>           |    6.121|
X<0>           |Z<1>           |    6.657|
X<0>           |Z<2>           |    7.533|
X<0>           |Z<3>           |    8.701|
X<0>           |Z<4>           |    9.863|
X<0>           |Z<5>           |   11.180|
X<0>           |carry          |   10.669|
X<1>           |Z<1>           |    6.501|
X<1>           |Z<2>           |    7.377|
X<1>           |Z<3>           |    8.545|
X<1>           |Z<4>           |    9.707|
X<1>           |Z<5>           |   11.024|
X<1>           |carry          |   10.513|
X<2>           |Z<2>           |    6.860|
X<2>           |Z<3>           |    7.469|
X<2>           |Z<4>           |    8.631|
X<2>           |Z<5>           |    9.948|
X<2>           |carry          |    9.437|
X<3>           |Z<3>           |    6.990|
X<3>           |Z<4>           |    8.143|
X<3>           |Z<5>           |    9.460|
X<3>           |carry          |    8.949|
X<4>           |Z<4>           |    6.468|
X<4>           |Z<5>           |    7.785|
X<4>           |carry          |    7.274|
Y<0>           |Z<0>           |    6.536|
Y<0>           |Z<1>           |    7.132|
Y<0>           |Z<2>           |    8.008|
Y<0>           |Z<3>           |    9.176|
Y<0>           |Z<4>           |   10.338|
Y<0>           |Z<5>           |   11.655|
Y<0>           |carry          |   11.144|
Y<1>           |Z<1>           |    7.167|
Y<1>           |Z<2>           |    8.043|
Y<1>           |Z<3>           |    9.211|
Y<1>           |Z<4>           |   10.373|
Y<1>           |Z<5>           |   11.690|
Y<1>           |carry          |   11.179|
Y<2>           |Z<2>           |    6.858|
Y<2>           |Z<3>           |    8.210|
Y<2>           |Z<4>           |    9.372|
Y<2>           |Z<5>           |   10.689|
Y<2>           |carry          |   10.178|
Y<3>           |Z<3>           |    6.990|
Y<3>           |Z<4>           |    8.545|
Y<3>           |Z<5>           |    9.862|
Y<3>           |carry          |    9.351|
Y<4>           |Z<4>           |    7.336|
Y<4>           |Z<5>           |    8.653|
Y<4>           |carry          |    8.142|
carry1         |Z<5>           |    6.546|
carry1         |carry          |    6.787|
carry2         |Z<5>           |    6.528|
carry2         |carry          |    6.846|
---------------+---------------+---------+


Analysis completed Mon Feb  5 16:55:23 2018 
--------------------------------------------------------------------------------

Trace Settings:
-------------------------
Trace Settings 

Peak Memory Usage: 350 MB



