Release 14.7 - xst P.20131013 (lin64)
Copyright (c) 1995-2013 Xilinx, Inc.  All rights reserved.
--> 
Parameter TMPDIR set to xst/projnav.tmp


Total REAL time to Xst completion: 0.00 secs
Total CPU time to Xst completion: 0.29 secs
 
--> 
Parameter xsthdpdir set to xst


Total REAL time to Xst completion: 0.00 secs
Total CPU time to Xst completion: 0.29 secs
 
--> 
Reading design: six_bit_top_module.prj

TABLE OF CONTENTS
  1) Synthesis Options Summary
  2) HDL Compilation
  3) Design Hierarchy Analysis
  4) HDL Analysis
  5) HDL Synthesis
     5.1) HDL Synthesis Report
  6) Advanced HDL Synthesis
     6.1) Advanced HDL Synthesis Report
  7) Low Level Synthesis
  8) Partition Report
  9) Final Report
	9.1) Device utilization summary
	9.2) Partition Resource Summary
	9.3) TIMING REPORT


=========================================================================
*                      Synthesis Options Summary                        *
=========================================================================
---- Source Parameters
Input File Name                    : "six_bit_top_module.prj"
Input Format                       : mixed
Ignore Synthesis Constraint File   : NO

---- Target Parameters
Output File Name                   : "six_bit_top_module"
Output Format                      : NGC
Target Device                      : xc3s500e-4-fg320

---- Source Options
Top Module Name                    : six_bit_top_module
Automatic FSM Extraction           : YES
FSM Encoding Algorithm             : Auto
Safe Implementation                : No
FSM Style                          : LUT
RAM Extraction                     : Yes
RAM Style                          : Auto
ROM Extraction                     : Yes
Mux Style                          : Auto
Decoder Extraction                 : YES
Priority Encoder Extraction        : Yes
Shift Register Extraction          : YES
Logical Shifter Extraction         : YES
XOR Collapsing                     : YES
ROM Style                          : Auto
Mux Extraction                     : Yes
Resource Sharing                   : YES
Asynchronous To Synchronous        : NO
Multiplier Style                   : Auto
Automatic Register Balancing       : No

---- Target Options
Add IO Buffers                     : YES
Global Maximum Fanout              : 100000
Add Generic Clock Buffer(BUFG)     : 24
Register Duplication               : YES
Slice Packing                      : YES
Optimize Instantiated Primitives   : NO
Use Clock Enable                   : Yes
Use Synchronous Set                : Yes
Use Synchronous Reset              : Yes
Pack IO Registers into IOBs        : Auto
Equivalent register Removal        : YES

---- General Options
Optimization Goal                  : Speed
Optimization Effort                : 1
Keep Hierarchy                     : No
Netlist Hierarchy                  : As_Optimized
RTL Output                         : Yes
Global Optimization                : AllClockNets
Read Cores                         : YES
Write Timing Constraints           : NO
Cross Clock Analysis               : NO
Hierarchy Separator                : /
Bus Delimiter                      : <>
Case Specifier                     : Maintain
Slice Utilization Ratio            : 100
BRAM Utilization Ratio             : 100
Verilog 2001                       : YES
Auto BRAM Packing                  : NO
Slice Utilization Ratio Delta      : 5

=========================================================================


=========================================================================
*                          HDL Compilation                              *
=========================================================================
Compiling verilog file "full_adder.v" in library work
Compiling verilog file "four_bit_adder.v" in library work
Module <full_adder> compiled
Compiling verilog file "five_bit_adder.v" in library work
Module <four_bit_adder> compiled
Compiling verilog file "six_bit_top_module.v" in library work
Module <five_bit_adder> compiled
Module <six_bit_top_module> compiled
No errors in compilation
Analysis of file <"six_bit_top_module.prj"> succeeded.
 

=========================================================================
*                     Design Hierarchy Analysis                         *
=========================================================================
Analyzing hierarchy for module <six_bit_top_module> in library <work>.

Analyzing hierarchy for module <four_bit_adder> in library <work>.

Analyzing hierarchy for module <five_bit_adder> in library <work>.

Analyzing hierarchy for module <full_adder> in library <work>.

Analyzing hierarchy for module <four_bit_adder> in library <work>.

Analyzing hierarchy for module <full_adder> in library <work>.


=========================================================================
*                            HDL Analysis                               *
=========================================================================
Analyzing top module <six_bit_top_module>.
Module <six_bit_top_module> is correct for synthesis.
 
Analyzing module <four_bit_adder> in library <work>.
Module <four_bit_adder> is correct for synthesis.
 
Analyzing module <five_bit_adder> in library <work>.
Module <five_bit_adder> is correct for synthesis.
 
Analyzing module <full_adder> in library <work>.
Module <full_adder> is correct for synthesis.
 

=========================================================================
*                           HDL Synthesis                               *
=========================================================================

Performing bidirectional port resolution...

Synthesizing Unit <full_adder>.
    Related source file is "full_adder.v".
    Found 1-bit xor3 for signal <sum>.
    Summary:
	inferred   1 Xor(s).
Unit <full_adder> synthesized.


Synthesizing Unit <four_bit_adder>.
    Related source file is "four_bit_adder.v".
Unit <four_bit_adder> synthesized.


Synthesizing Unit <five_bit_adder>.
    Related source file is "five_bit_adder.v".
Unit <five_bit_adder> synthesized.


Synthesizing Unit <six_bit_top_module>.
    Related source file is "six_bit_top_module.v".
WARNING:Xst:647 - Input <PB5> is never used. This port will be preserved and left unconnected if it belongs to a top-level block or it belongs to a sub-block and the hierarchy of this sub-block is preserved.
WARNING:Xst:646 - Signal <temp6> is assigned but never used. This unconnected signal will be trimmed during the optimization process.
    Register <E> equivalent to <D> has been removed
    Found 4-bit register for signal <A>.
    Found 4-bit register for signal <B>.
    Found 4-bit register for signal <C>.
    Found 4-bit register for signal <D>.
    Summary:
	inferred  16 D-type flip-flop(s).
Unit <six_bit_top_module> synthesized.


=========================================================================
HDL Synthesis Report

Macro Statistics
# Registers                                            : 4
 4-bit register                                        : 4
# Xors                                                 : 19
 1-bit xor3                                            : 19

=========================================================================

=========================================================================
*                       Advanced HDL Synthesis                          *
=========================================================================


=========================================================================
Advanced HDL Synthesis Report

Macro Statistics
# Registers                                            : 16
 Flip-Flops                                            : 16
# Xors                                                 : 19
 1-bit xor3                                            : 19

=========================================================================

=========================================================================
*                         Low Level Synthesis                           *
=========================================================================

Optimizing unit <six_bit_top_module> ...

Mapping all equations...
Building and optimizing final netlist ...
Found area constraint ratio of 100 (+ 5) on block six_bit_top_module, actual ratio is 0.

Final Macro Processing ...

=========================================================================
Final Register Report

Macro Statistics
# Registers                                            : 16
 Flip-Flops                                            : 16

=========================================================================

=========================================================================
*                           Partition Report                            *
=========================================================================

Partition Implementation Status
-------------------------------

  No Partitions were found in this design.

-------------------------------

=========================================================================
*                            Final Report                               *
=========================================================================
Final Results
RTL Top Level Output File Name     : six_bit_top_module.ngr
Top Level Output File Name         : six_bit_top_module
Output Format                      : NGC
Optimization Goal                  : Speed
Keep Hierarchy                     : No

Design Statistics
# IOs                              : 16

Cell Usage :
# BELS                             : 29
#      LUT3                        : 18
#      LUT4                        : 11
# FlipFlops/Latches                : 16
#      FD                          : 16
# Clock Buffers                    : 4
#      BUFGP                       : 4
# IO Buffers                       : 11
#      IBUF                        : 4
#      OBUF                        : 7
=========================================================================

Device utilization summary:
---------------------------

Selected Device : 3s500efg320-4 

 Number of Slices:                       17  out of   4656     0%  
 Number of Slice Flip Flops:             16  out of   9312     0%  
 Number of 4 input LUTs:                 29  out of   9312     0%  
 Number of IOs:                          16
 Number of bonded IOBs:                  15  out of    232     6%  
 Number of GCLKs:                         4  out of     24    16%  

---------------------------
Partition Resource Summary:
---------------------------

  No Partitions were found in this design.

---------------------------


=========================================================================
TIMING REPORT

NOTE: THESE TIMING NUMBERS ARE ONLY A SYNTHESIS ESTIMATE.
      FOR ACCURATE TIMING INFORMATION PLEASE REFER TO THE TRACE REPORT
      GENERATED AFTER PLACE-and-ROUTE.

Clock Information:
------------------
-----------------------------------+------------------------+-------+
Clock Signal                       | Clock buffer(FF name)  | Load  |
-----------------------------------+------------------------+-------+
PB2                                | BUFGP                  | 4     |
PB1                                | BUFGP                  | 4     |
PB3                                | BUFGP                  | 4     |
PB4                                | BUFGP                  | 4     |
-----------------------------------+------------------------+-------+

Asynchronous Control Signals Information:
----------------------------------------
No asynchronous control signals found in this design

Timing Summary:
---------------
Speed Grade: -4

   Minimum period: No path found
   Minimum input arrival time before clock: 2.113ns
   Maximum output required time after clock: 11.843ns
   Maximum combinational path delay: No path found

Timing Detail:
--------------
All values displayed in nanoseconds (ns)

=========================================================================
Timing constraint: Default OFFSET IN BEFORE for Clock 'PB2'
  Total number of paths / destination ports: 4 / 4
-------------------------------------------------------------------------
Offset:              2.113ns (Levels of Logic = 1)
  Source:            X<0> (PAD)
  Destination:       B_0 (FF)
  Destination Clock: PB2 rising

  Data Path: X<0> to B_0
                                Gate     Net
    Cell:in->out      fanout   Delay   Delay  Logical Name (Net Name)
    ----------------------------------------  ------------
     IBUF:I->O             4   1.218   0.587  X_0_IBUF (X_0_IBUF)
     FD:D                      0.308          B_0
    ----------------------------------------
    Total                      2.113ns (1.526ns logic, 0.587ns route)
                                       (72.2% logic, 27.8% route)

=========================================================================
Timing constraint: Default OFFSET IN BEFORE for Clock 'PB1'
  Total number of paths / destination ports: 4 / 4
-------------------------------------------------------------------------
Offset:              2.113ns (Levels of Logic = 1)
  Source:            X<0> (PAD)
  Destination:       A_0 (FF)
  Destination Clock: PB1 rising

  Data Path: X<0> to A_0
                                Gate     Net
    Cell:in->out      fanout   Delay   Delay  Logical Name (Net Name)
    ----------------------------------------  ------------
     IBUF:I->O             4   1.218   0.587  X_0_IBUF (X_0_IBUF)
     FD:D                      0.308          A_0
    ----------------------------------------
    Total                      2.113ns (1.526ns logic, 0.587ns route)
                                       (72.2% logic, 27.8% route)

=========================================================================
Timing constraint: Default OFFSET IN BEFORE for Clock 'PB3'
  Total number of paths / destination ports: 4 / 4
-------------------------------------------------------------------------
Offset:              2.113ns (Levels of Logic = 1)
  Source:            X<0> (PAD)
  Destination:       C_0 (FF)
  Destination Clock: PB3 rising

  Data Path: X<0> to C_0
                                Gate     Net
    Cell:in->out      fanout   Delay   Delay  Logical Name (Net Name)
    ----------------------------------------  ------------
     IBUF:I->O             4   1.218   0.587  X_0_IBUF (X_0_IBUF)
     FD:D                      0.308          C_0
    ----------------------------------------
    Total                      2.113ns (1.526ns logic, 0.587ns route)
                                       (72.2% logic, 27.8% route)

=========================================================================
Timing constraint: Default OFFSET IN BEFORE for Clock 'PB4'
  Total number of paths / destination ports: 4 / 4
-------------------------------------------------------------------------
Offset:              2.113ns (Levels of Logic = 1)
  Source:            X<0> (PAD)
  Destination:       D_0 (FF)
  Destination Clock: PB4 rising

  Data Path: X<0> to D_0
                                Gate     Net
    Cell:in->out      fanout   Delay   Delay  Logical Name (Net Name)
    ----------------------------------------  ------------
     IBUF:I->O             4   1.218   0.587  X_0_IBUF (X_0_IBUF)
     FD:D                      0.308          D_0
    ----------------------------------------
    Total                      2.113ns (1.526ns logic, 0.587ns route)
                                       (72.2% logic, 27.8% route)

=========================================================================
Timing constraint: Default OFFSET OUT AFTER for Clock 'PB1'
  Total number of paths / destination ports: 137 / 7
-------------------------------------------------------------------------
Offset:              11.003ns (Levels of Logic = 6)
  Source:            A_0 (FF)
  Destination:       Z<4> (PAD)
  Source Clock:      PB1 rising

  Data Path: A_0 to Z<4>
                                Gate     Net
    Cell:in->out      fanout   Delay   Delay  Logical Name (Net Name)
    ----------------------------------------  ------------
     FD:C->Q               5   0.591   0.808  A_0 (A_0)
     LUT4:I0->O            2   0.704   0.622  FO1/FA1/Mxor_sum_xo<0>1 (temp1<1>)
     LUT3:I0->O            2   0.704   0.482  FV1/FB0/FA2/Mxor_sum_xo<0>11 (N2)
     LUT3:I2->O            2   0.704   0.622  FV1/FB0/FA2/cout1 (FV1/FB0/temp<2>)
     LUT3:I0->O            4   0.704   0.666  FV1/FB0/FA3/Mxor_sum_xo<0>1 (temp5<3>)
     LUT4:I1->O            1   0.704   0.420  FA8/Mxor_sum_xo<0>1 (Z_4_OBUF)
     OBUF:I->O                 3.272          Z_4_OBUF (Z<4>)
    ----------------------------------------
    Total                     11.003ns (7.383ns logic, 3.620ns route)
                                       (67.1% logic, 32.9% route)

=========================================================================
Timing constraint: Default OFFSET OUT AFTER for Clock 'PB2'
  Total number of paths / destination ports: 137 / 7
-------------------------------------------------------------------------
Offset:              10.907ns (Levels of Logic = 6)
  Source:            B_0 (FF)
  Destination:       Z<4> (PAD)
  Source Clock:      PB2 rising

  Data Path: B_0 to Z<4>
                                Gate     Net
    Cell:in->out      fanout   Delay   Delay  Logical Name (Net Name)
    ----------------------------------------  ------------
     FD:C->Q               5   0.591   0.712  B_0 (B_0)
     LUT4:I1->O            2   0.704   0.622  FO1/FA1/Mxor_sum_xo<0>1 (temp1<1>)
     LUT3:I0->O            2   0.704   0.482  FV1/FB0/FA2/Mxor_sum_xo<0>11 (N2)
     LUT3:I2->O            2   0.704   0.622  FV1/FB0/FA2/cout1 (FV1/FB0/temp<2>)
     LUT3:I0->O            4   0.704   0.666  FV1/FB0/FA3/Mxor_sum_xo<0>1 (temp5<3>)
     LUT4:I1->O            1   0.704   0.420  FA8/Mxor_sum_xo<0>1 (Z_4_OBUF)
     OBUF:I->O                 3.272          Z_4_OBUF (Z<4>)
    ----------------------------------------
    Total                     10.907ns (7.383ns logic, 3.524ns route)
                                       (67.7% logic, 32.3% route)

=========================================================================
Timing constraint: Default OFFSET OUT AFTER for Clock 'PB3'
  Total number of paths / destination ports: 137 / 7
-------------------------------------------------------------------------
Offset:              11.843ns (Levels of Logic = 7)
  Source:            C_0 (FF)
  Destination:       carry (PAD)
  Source Clock:      PB3 rising

  Data Path: C_0 to carry
                                Gate     Net
    Cell:in->out      fanout   Delay   Delay  Logical Name (Net Name)
    ----------------------------------------  ------------
     FD:C->Q               5   0.591   0.712  C_0 (C_0)
     LUT4:I1->O            2   0.704   0.482  FO2/FA2/Mxor_sum_xo<0>21 (N14)
     LUT3:I2->O            2   0.704   0.526  FO2/FA2/cout1 (FO2/temp<2>)
     LUT3:I1->O            1   0.704   0.455  FO2/FA3/cout1 (temp4)
     LUT4:I2->O            1   0.704   0.455  FV1/FA5/Mxor_sum_xo<0>21 (N23)
     LUT4:I2->O            3   0.704   0.706  FV1/FA5/Mxor_sum_xo<0>1 (temp5<4>)
     LUT4:I0->O            1   0.704   0.420  FA9/cout_and00001 (carry_OBUF)
     OBUF:I->O                 3.272          carry_OBUF (carry)
    ----------------------------------------
    Total                     11.843ns (8.087ns logic, 3.756ns route)
                                       (68.3% logic, 31.7% route)

=========================================================================
Timing constraint: Default OFFSET OUT AFTER for Clock 'PB4'
  Total number of paths / destination ports: 151 / 6
-------------------------------------------------------------------------
Offset:              11.753ns (Levels of Logic = 7)
  Source:            D_0 (FF)
  Destination:       carry (PAD)
  Source Clock:      PB4 rising

  Data Path: D_0 to carry
                                Gate     Net
    Cell:in->out      fanout   Delay   Delay  Logical Name (Net Name)
    ----------------------------------------  ------------
     FD:C->Q               4   0.591   0.622  D_0 (D_0)
     LUT4:I2->O            2   0.704   0.482  FO2/FA2/Mxor_sum_xo<0>21 (N14)
     LUT3:I2->O            2   0.704   0.526  FO2/FA2/cout1 (FO2/temp<2>)
     LUT3:I1->O            1   0.704   0.455  FO2/FA3/cout1 (temp4)
     LUT4:I2->O            1   0.704   0.455  FV1/FA5/Mxor_sum_xo<0>21 (N23)
     LUT4:I2->O            3   0.704   0.706  FV1/FA5/Mxor_sum_xo<0>1 (temp5<4>)
     LUT4:I0->O            1   0.704   0.420  FA9/cout_and00001 (carry_OBUF)
     OBUF:I->O                 3.272          carry_OBUF (carry)
    ----------------------------------------
    Total                     11.753ns (8.087ns logic, 3.666ns route)
                                       (68.8% logic, 31.2% route)

=========================================================================


Total REAL time to Xst completion: 35.00 secs
Total CPU time to Xst completion: 33.29 secs
 
--> 


Total memory usage is 519808 kilobytes

Number of errors   :    0 (   0 filtered)
Number of warnings :    2 (   0 filtered)
Number of infos    :    0 (   0 filtered)

