Release 14.7 - xst P.20131013 (lin64)
Copyright (c) 1995-2013 Xilinx, Inc.  All rights reserved.
--> 
Parameter TMPDIR set to xst/projnav.tmp


Total REAL time to Xst completion: 0.00 secs
Total CPU time to Xst completion: 0.19 secs
 
--> 
Parameter xsthdpdir set to xst


Total REAL time to Xst completion: 0.00 secs
Total CPU time to Xst completion: 0.20 secs
 
--> 
Reading design: six_bit_adder.prj

TABLE OF CONTENTS
  1) Synthesis Options Summary
  2) HDL Compilation
  3) Design Hierarchy Analysis
  4) HDL Analysis
  5) HDL Synthesis
     5.1) HDL Synthesis Report
  6) Advanced HDL Synthesis
     6.1) Advanced HDL Synthesis Report
  7) Low Level Synthesis
  8) Partition Report
  9) Final Report
	9.1) Device utilization summary
	9.2) Partition Resource Summary
	9.3) TIMING REPORT


=========================================================================
*                      Synthesis Options Summary                        *
=========================================================================
---- Source Parameters
Input File Name                    : "six_bit_adder.prj"
Input Format                       : mixed
Ignore Synthesis Constraint File   : NO

---- Target Parameters
Output File Name                   : "six_bit_adder"
Output Format                      : NGC
Target Device                      : xc3s500e-4-fg320

---- Source Options
Top Module Name                    : six_bit_adder
Automatic FSM Extraction           : YES
FSM Encoding Algorithm             : Auto
Safe Implementation                : No
FSM Style                          : LUT
RAM Extraction                     : Yes
RAM Style                          : Auto
ROM Extraction                     : Yes
Mux Style                          : Auto
Decoder Extraction                 : YES
Priority Encoder Extraction        : Yes
Shift Register Extraction          : YES
Logical Shifter Extraction         : YES
XOR Collapsing                     : YES
ROM Style                          : Auto
Mux Extraction                     : Yes
Resource Sharing                   : YES
Asynchronous To Synchronous        : NO
Multiplier Style                   : Auto
Automatic Register Balancing       : No

---- Target Options
Add IO Buffers                     : YES
Global Maximum Fanout              : 500
Add Generic Clock Buffer(BUFG)     : 24
Register Duplication               : YES
Slice Packing                      : YES
Optimize Instantiated Primitives   : NO
Use Clock Enable                   : Yes
Use Synchronous Set                : Yes
Use Synchronous Reset              : Yes
Pack IO Registers into IOBs        : Auto
Equivalent register Removal        : YES

---- General Options
Optimization Goal                  : Speed
Optimization Effort                : 1
Keep Hierarchy                     : No
Netlist Hierarchy                  : As_Optimized
RTL Output                         : Yes
Global Optimization                : AllClockNets
Read Cores                         : YES
Write Timing Constraints           : NO
Cross Clock Analysis               : NO
Hierarchy Separator                : /
Bus Delimiter                      : <>
Case Specifier                     : Maintain
Slice Utilization Ratio            : 100
BRAM Utilization Ratio             : 100
Verilog 2001                       : YES
Auto BRAM Packing                  : NO
Slice Utilization Ratio Delta      : 5

=========================================================================


=========================================================================
*                          HDL Compilation                              *
=========================================================================
Compiling verilog file "full_adder.v" in library work
Compiling verilog file "four_bit_adder.v" in library work
Module <full_adder> compiled
Compiling verilog file "five_bit_adder.v" in library work
Module <four_bit_adder> compiled
Compiling verilog file "six_bit_adder.v" in library work
Module <five_bit_adder> compiled
Module <six_bit_adder> compiled
No errors in compilation
Analysis of file <"six_bit_adder.prj"> succeeded.
 

=========================================================================
*                     Design Hierarchy Analysis                         *
=========================================================================
Analyzing hierarchy for module <six_bit_adder> in library <work>.

Analyzing hierarchy for module <five_bit_adder> in library <work>.

Analyzing hierarchy for module <full_adder> in library <work>.

Analyzing hierarchy for module <four_bit_adder> in library <work>.

Analyzing hierarchy for module <full_adder> in library <work>.


=========================================================================
*                            HDL Analysis                               *
=========================================================================
Analyzing top module <six_bit_adder>.
Module <six_bit_adder> is correct for synthesis.
 
Analyzing module <five_bit_adder> in library <work>.
Module <five_bit_adder> is correct for synthesis.
 
Analyzing module <four_bit_adder> in library <work>.
Module <four_bit_adder> is correct for synthesis.
 
Analyzing module <full_adder> in library <work>.
Module <full_adder> is correct for synthesis.
 

=========================================================================
*                           HDL Synthesis                               *
=========================================================================

Performing bidirectional port resolution...

Synthesizing Unit <full_adder>.
    Related source file is "full_adder.v".
    Found 1-bit xor3 for signal <sum>.
    Summary:
	inferred   1 Xor(s).
Unit <full_adder> synthesized.


Synthesizing Unit <four_bit_adder>.
    Related source file is "four_bit_adder.v".
Unit <four_bit_adder> synthesized.


Synthesizing Unit <five_bit_adder>.
    Related source file is "five_bit_adder.v".
Unit <five_bit_adder> synthesized.


Synthesizing Unit <six_bit_adder>.
    Related source file is "six_bit_adder.v".
Unit <six_bit_adder> synthesized.


=========================================================================
HDL Synthesis Report

Macro Statistics
# Xors                                                 : 6
 1-bit xor3                                            : 6

=========================================================================

=========================================================================
*                       Advanced HDL Synthesis                          *
=========================================================================


=========================================================================
Advanced HDL Synthesis Report

Macro Statistics
# Xors                                                 : 6
 1-bit xor3                                            : 6

=========================================================================

=========================================================================
*                         Low Level Synthesis                           *
=========================================================================

Optimizing unit <six_bit_adder> ...

Mapping all equations...
Building and optimizing final netlist ...
Found area constraint ratio of 100 (+ 5) on block six_bit_adder, actual ratio is 0.

Final Macro Processing ...

=========================================================================
Final Register Report

Found no macro
=========================================================================

=========================================================================
*                           Partition Report                            *
=========================================================================

Partition Implementation Status
-------------------------------

  No Partitions were found in this design.

-------------------------------

=========================================================================
*                            Final Report                               *
=========================================================================
Final Results
RTL Top Level Output File Name     : six_bit_adder.ngr
Top Level Output File Name         : six_bit_adder
Output Format                      : NGC
Optimization Goal                  : Speed
Keep Hierarchy                     : No

Design Statistics
# IOs                              : 19

Cell Usage :
# BELS                             : 11
#      LUT2                        : 1
#      LUT3                        : 8
#      LUT4                        : 2
# IO Buffers                       : 19
#      IBUF                        : 12
#      OBUF                        : 7
=========================================================================

Device utilization summary:
---------------------------

Selected Device : 3s500efg320-4 

 Number of Slices:                        6  out of   4656     0%  
 Number of 4 input LUTs:                 11  out of   9312     0%  
 Number of IOs:                          19
 Number of bonded IOBs:                  19  out of    232     8%  

---------------------------
Partition Resource Summary:
---------------------------

  No Partitions were found in this design.

---------------------------


=========================================================================
TIMING REPORT

NOTE: THESE TIMING NUMBERS ARE ONLY A SYNTHESIS ESTIMATE.
      FOR ACCURATE TIMING INFORMATION PLEASE REFER TO THE TRACE REPORT
      GENERATED AFTER PLACE-and-ROUTE.

Clock Information:
------------------
No clock signals found in this design

Asynchronous Control Signals Information:
----------------------------------------
No asynchronous control signals found in this design

Timing Summary:
---------------
Speed Grade: -4

   Minimum period: No path found
   Minimum input arrival time before clock: No path found
   Maximum output required time after clock: No path found
   Maximum combinational path delay: 11.024ns

Timing Detail:
--------------
All values displayed in nanoseconds (ns)

=========================================================================
Timing constraint: Default path analysis
  Total number of paths / destination ports: 54 / 7
-------------------------------------------------------------------------
Delay:               11.024ns (Levels of Logic = 7)
  Source:            X<1> (PAD)
  Destination:       carry (PAD)

  Data Path: X<1> to carry
                                Gate     Net
    Cell:in->out      fanout   Delay   Delay  Logical Name (Net Name)
    ----------------------------------------  ------------
     IBUF:I->O             2   1.218   0.622  X_1_IBUF (X_1_IBUF)
     LUT4:I0->O            2   0.704   0.482  FB1/FB0/FA1/cout1 (FB1/FB0/temp<1>)
     LUT3:I2->O            2   0.704   0.482  FB1/FB0/FA2/cout1 (FB1/FB0/temp<2>)
     LUT3:I2->O            2   0.704   0.482  FB1/FB0/FA3/cout1 (FB1/temp)
     LUT3:I2->O            2   0.704   0.526  FB1/FA5/cout1 (temp)
     LUT3:I1->O            1   0.704   0.420  FA6/cout1 (carry_OBUF)
     OBUF:I->O                 3.272          carry_OBUF (carry)
    ----------------------------------------
    Total                     11.024ns (8.010ns logic, 3.014ns route)
                                       (72.7% logic, 27.3% route)

=========================================================================


Total REAL time to Xst completion: 29.00 secs
Total CPU time to Xst completion: 27.93 secs
 
--> 


Total memory usage is 518736 kilobytes

Number of errors   :    0 (   0 filtered)
Number of warnings :    0 (   0 filtered)
Number of infos    :    0 (   0 filtered)

