#-----------------------------------------------------------
# PlanAhead v14.7 (64-bit)
# Build 321239 by xbuild on Fri Sep 27 19:24:36 MDT 2013
# Start of session at: Mon Feb 12 18:18:23 2018
# Process ID: 29605
# Log file: /home/vinayak/Desktop/CS220/4.1/rotatory_shaft/planAhead_run_1/planAhead.log
# Journal file: /home/vinayak/Desktop/CS220/4.1/rotatory_shaft/planAhead_run_1/planAhead.jou
#-----------------------------------------------------------
INFO: [Common 17-78] Attempting to get a license: PlanAhead
INFO: [Common 17-290] Got license for PlanAhead
INFO: [Device 21-36] Loading parts and site information from /home/vinayak/Desktop/CS220/14.7/ISE_DS/PlanAhead/data/parts/arch.xml
Parsing RTL primitives file [/home/vinayak/Desktop/CS220/14.7/ISE_DS/PlanAhead/data/parts/xilinx/rtl/prims/rtl_prims.xml]
Finished parsing RTL primitives file [/home/vinayak/Desktop/CS220/14.7/ISE_DS/PlanAhead/data/parts/xilinx/rtl/prims/rtl_prims.xml]
start_gui
source /home/vinayak/Desktop/CS220/4.1/rotatory_shaft/pa.fromHdl.tcl
# create_project -name rotatory_shaft -dir "/home/vinayak/Desktop/CS220/4.1/rotatory_shaft/planAhead_run_1" -part xc3s500efg320-4
# set_param project.pinAheadLayout yes
# set srcset [get_property srcset [current_run -impl]]
# set_property target_constrs_file "rotatory_shaft.ucf" [current_fileset -constrset]
Adding file '/home/vinayak/Desktop/CS220/4.1/rotatory_shaft/rotatory_shaft.ucf' to fileset 'constrs_1'
# set hdlfile [add_files [list {check.v}]]
# set_property file_type Verilog $hdlfile
# set_property library work $hdlfile
# set hdlfile [add_files [list {rotatory_shaft.v}]]
# set_property file_type Verilog $hdlfile
# set_property library work $hdlfile
# set_property top rotatory_shaft $srcset
# add_files [list {rotatory_shaft.ucf}] -fileset [get_property constrset [current_run]]
# open_rtl_design -part xc3s500efg320-4
Using Verific elaboration
Parsing VHDL file "/home/vinayak/Desktop/CS220/14.7/ISE_DS/PlanAhead/data/parts/xilinx/rtl/lib/synplify/synattr.vhd" into library synplify
Analyzing Verilog file "/home/vinayak/Desktop/CS220/4.1/rotatory_shaft/check.v" into library work
Analyzing Verilog file "/home/vinayak/Desktop/CS220/4.1/rotatory_shaft/rotatory_shaft.v" into library work
INFO: [Designutils 20-910] Reading macro library /home/vinayak/Desktop/CS220/14.7/ISE_DS/PlanAhead/data/./parts/xilinx/spartan3e/spartan3e/hd_int_macros.edn
Parsing EDIF File [/home/vinayak/Desktop/CS220/14.7/ISE_DS/PlanAhead/data/./parts/xilinx/spartan3e/spartan3e/hd_int_macros.edn]
Finished Parsing EDIF File [/home/vinayak/Desktop/CS220/14.7/ISE_DS/PlanAhead/data/./parts/xilinx/spartan3e/spartan3e/hd_int_macros.edn]
Loading clock regions from /home/vinayak/Desktop/CS220/14.7/ISE_DS/PlanAhead/data/parts/xilinx/spartan3e/spartan3e/xc3s500e/ClockRegion.xml
Loading clock buffers from /home/vinayak/Desktop/CS220/14.7/ISE_DS/PlanAhead/data/parts/xilinx/spartan3e/spartan3e/xc3s500e/ClockBuffers.xml
Loading package from /home/vinayak/Desktop/CS220/14.7/ISE_DS/PlanAhead/data/parts/xilinx/spartan3e/spartan3e/xc3s500e/fg320/Package.xml
Loading io standards from /home/vinayak/Desktop/CS220/14.7/ISE_DS/PlanAhead/data/./parts/xilinx/spartan3e/IOStandards.xml
INFO: [Device 21-19] Loading pkg sso from /home/vinayak/Desktop/CS220/14.7/ISE_DS/PlanAhead/data/parts/xilinx/spartan3e/spartan3e/xc3s500e/fg320/SSORules.xml
Loading list of drcs for the architecture : /home/vinayak/Desktop/CS220/14.7/ISE_DS/PlanAhead/data/./parts/xilinx/spartan3e/spartan3e/drc.xml
INFO: [Timing 38-77] Reading timing library /home/vinayak/Desktop/CS220/14.7/ISE_DS/PlanAhead/data/parts/xilinx/spartan3e/spartan3e/spartan3e-4.lib.
INFO: [Timing 38-34] Done reading timing library /home/vinayak/Desktop/CS220/14.7/ISE_DS/PlanAhead/data/parts/xilinx/spartan3e/spartan3e/spartan3e-4.lib.
Parsing UCF File [/home/vinayak/Desktop/CS220/4.1/rotatory_shaft/rotatory_shaft.ucf]
Finished Parsing UCF File [/home/vinayak/Desktop/CS220/4.1/rotatory_shaft/rotatory_shaft.ucf]
INFO: [Project 1-111] Unisim Transformation Summary:
No Unisim elements were transformed.

Phase 0 | Netlist Checksum: a8b6d10e
update_compile_order -fileset sim_1
startgroup
set_property package_pin A3 [get_ports clk]
endgroup
startgroup
set_property package_pin F12 [get_ports led0]
endgroup
startgroup
set_property package_pin E12 [get_ports led1]
endgroup
startgroup
set_property package_pin E11 [get_ports led2]
endgroup
startgroup
set_property package_pin F11 [get_ports led3]
endgroup
startgroup
set_property package_pin C11 [get_ports led4]
endgroup
startgroup
set_property package_pin D11 [get_ports led5]
endgroup
startgroup
set_property package_pin E9 [get_ports led6]
endgroup
startgroup
set_property package_pin F9 [get_ports led7]
endgroup
startgroup
set_property package_pin C9 [get_ports clk]
endgroup
set_property iostandard LVCMOS33 [get_ports [list clk]]
set_property iostandard LVTTL [get_ports [list led0]]
set_property iostandard LVTTL [get_ports [list led1]]
set_property iostandard LVTTL [get_ports [list led2]]
set_property iostandard LVTTL [get_ports [list led3]]
set_property iostandard LVTTL [get_ports [list led4]]
set_property iostandard LVTTL [get_ports [list led5]]
set_property iostandard LVTTL [get_ports [list led6]]
set_property iostandard LVTTL [get_ports [list led7]]
set_property iostandard LVTTL [get_ports [list rot_a]]
set_property iostandard LVTTL [get_ports [list rot_b]]
set_property drive 8 [get_ports [list led0]]
set_property drive 8 [get_ports [list led1]]
set_property drive 8 [get_ports [list led2]]
set_property drive 8 [get_ports [list led3]]
set_property drive 8 [get_ports [list led4]]
set_property drive 8 [get_ports [list led5]]
set_property drive 8 [get_ports [list led6]]
set_property drive 8 [get_ports [list led7]]
startgroup
set_property package_pin K18 [get_ports rot_a]
endgroup
startgroup
set_property package_pin G18 [get_ports rot_b]
endgroup
set_property pulltype PULLDOWN [get_ports [list rot_a]]
set_property pulltype PULLUP [get_ports [list rot_a]]
set_property pulltype PULLUP [get_ports [list rot_b]]
save_constraints
exit
ERROR: [#UNDEF] *** Exception: ui.h.b: Found deleted key in HTclEventBroker. Verify if the classes listed here call cleanup()
HTclEvent: SIGNAL_MODIFY   Classes: ui.views.aR 
HTclEvent: SIGNAL_BUS_MODIFY   Classes: ui.views.aR 
HTclEvent: DEBUG_PORT_CONFIG_CHANGE   Classes: ui.views.aR 
HTclEvent: DEBUG_CORE_CONFIG_CHANGE   Classes: ui.views.aR 
 (See /home/vinayak/Desktop/CS220/4.1/rotatory_shaft/planAhead_pid29605.debug)
ERROR: [Common 17-39] 'stop_gui' failed due to earlier errors.
INFO: [Common 17-206] Exiting PlanAhead at Mon Feb 12 18:25:42 2018...
INFO: [Common 17-83] Releasing license: PlanAhead
