Release 14.7 - xst P.20131013 (lin64)
Copyright (c) 1995-2013 Xilinx, Inc.  All rights reserved.
--> 
Parameter TMPDIR set to xst/projnav.tmp


Total REAL time to Xst completion: 0.00 secs
Total CPU time to Xst completion: 0.07 secs
 
--> 
Parameter xsthdpdir set to xst


Total REAL time to Xst completion: 0.00 secs
Total CPU time to Xst completion: 0.07 secs
 
--> 
Reading design: eight_bit_comp.prj

TABLE OF CONTENTS
  1) Synthesis Options Summary
  2) HDL Compilation
  3) Design Hierarchy Analysis
  4) HDL Analysis
  5) HDL Synthesis
     5.1) HDL Synthesis Report
  6) Advanced HDL Synthesis
     6.1) Advanced HDL Synthesis Report
  7) Low Level Synthesis
  8) Partition Report
  9) Final Report
	9.1) Device utilization summary
	9.2) Partition Resource Summary
	9.3) TIMING REPORT


=========================================================================
*                      Synthesis Options Summary                        *
=========================================================================
---- Source Parameters
Input File Name                    : "eight_bit_comp.prj"
Input Format                       : mixed
Ignore Synthesis Constraint File   : NO

---- Target Parameters
Output File Name                   : "eight_bit_comp"
Output Format                      : NGC
Target Device                      : xc3s500e-4-fg320

---- Source Options
Top Module Name                    : eight_bit_comp
Automatic FSM Extraction           : YES
FSM Encoding Algorithm             : Auto
Safe Implementation                : No
FSM Style                          : LUT
RAM Extraction                     : Yes
RAM Style                          : Auto
ROM Extraction                     : Yes
Mux Style                          : Auto
Decoder Extraction                 : YES
Priority Encoder Extraction        : Yes
Shift Register Extraction          : YES
Logical Shifter Extraction         : YES
XOR Collapsing                     : YES
ROM Style                          : Auto
Mux Extraction                     : Yes
Resource Sharing                   : YES
Asynchronous To Synchronous        : NO
Multiplier Style                   : Auto
Automatic Register Balancing       : No

---- Target Options
Add IO Buffers                     : YES
Global Maximum Fanout              : 100000
Add Generic Clock Buffer(BUFG)     : 24
Register Duplication               : YES
Slice Packing                      : YES
Optimize Instantiated Primitives   : NO
Use Clock Enable                   : Yes
Use Synchronous Set                : Yes
Use Synchronous Reset              : Yes
Pack IO Registers into IOBs        : Auto
Equivalent register Removal        : YES

---- General Options
Optimization Goal                  : Speed
Optimization Effort                : 1
Keep Hierarchy                     : No
Netlist Hierarchy                  : As_Optimized
RTL Output                         : Yes
Global Optimization                : AllClockNets
Read Cores                         : YES
Write Timing Constraints           : NO
Cross Clock Analysis               : NO
Hierarchy Separator                : /
Bus Delimiter                      : <>
Case Specifier                     : Maintain
Slice Utilization Ratio            : 100
BRAM Utilization Ratio             : 100
Verilog 2001                       : YES
Auto BRAM Packing                  : NO
Slice Utilization Ratio Delta      : 5

=========================================================================


=========================================================================
*                          HDL Compilation                              *
=========================================================================
Compiling verilog file "one_bit_comparator.v" in library work
Compiling verilog file "eight_bit_comparator.v" in library work
Module <one_bit_comparator> compiled
Module <eight_bit_comp> compiled
No errors in compilation
Analysis of file <"eight_bit_comp.prj"> succeeded.
 

=========================================================================
*                     Design Hierarchy Analysis                         *
=========================================================================
Analyzing hierarchy for module <eight_bit_comp> in library <work>.

Analyzing hierarchy for module <one_bit_comparator> in library <work>.


=========================================================================
*                            HDL Analysis                               *
=========================================================================
Analyzing top module <eight_bit_comp>.
Module <eight_bit_comp> is correct for synthesis.
 
Analyzing module <one_bit_comparator> in library <work>.
Module <one_bit_comparator> is correct for synthesis.
 

=========================================================================
*                           HDL Synthesis                               *
=========================================================================

Performing bidirectional port resolution...

Synthesizing Unit <one_bit_comparator>.
    Related source file is "one_bit_comparator.v".
Unit <one_bit_comparator> synthesized.


Synthesizing Unit <eight_bit_comp>.
    Related source file is "eight_bit_comparator.v".
    Found 8-bit register for signal <A>.
    Found 8-bit register for signal <B>.
    Summary:
	inferred  16 D-type flip-flop(s).
Unit <eight_bit_comp> synthesized.


=========================================================================
HDL Synthesis Report

Macro Statistics
# Registers                                            : 16
 1-bit register                                        : 16

=========================================================================

=========================================================================
*                       Advanced HDL Synthesis                          *
=========================================================================


=========================================================================
Advanced HDL Synthesis Report

Macro Statistics
# Registers                                            : 16
 Flip-Flops                                            : 16

=========================================================================

=========================================================================
*                         Low Level Synthesis                           *
=========================================================================

Optimizing unit <eight_bit_comp> ...

Mapping all equations...
Building and optimizing final netlist ...
Found area constraint ratio of 100 (+ 5) on block eight_bit_comp, actual ratio is 0.

Final Macro Processing ...

=========================================================================
Final Register Report

Macro Statistics
# Registers                                            : 16
 Flip-Flops                                            : 16

=========================================================================

=========================================================================
*                           Partition Report                            *
=========================================================================

Partition Implementation Status
-------------------------------

  No Partitions were found in this design.

-------------------------------

=========================================================================
*                            Final Report                               *
=========================================================================
Final Results
RTL Top Level Output File Name     : eight_bit_comp.ngr
Top Level Output File Name         : eight_bit_comp
Output Format                      : NGC
Optimization Goal                  : Speed
Keep Hierarchy                     : No

Design Statistics
# IOs                              : 10

Cell Usage :
# BELS                             : 14
#      LUT3                        : 2
#      LUT4                        : 11
#      MUXF5                       : 1
# FlipFlops/Latches                : 16
#      FD                          : 16
# Clock Buffers                    : 4
#      BUFGP                       : 4
# IO Buffers                       : 6
#      IBUF                        : 4
#      OBUF                        : 2
=========================================================================

Device utilization summary:
---------------------------

Selected Device : 3s500efg320-4 

 Number of Slices:                       10  out of   4656     0%  
 Number of Slice Flip Flops:             16  out of   9312     0%  
 Number of 4 input LUTs:                 13  out of   9312     0%  
 Number of IOs:                          10
 Number of bonded IOBs:                  10  out of    232     4%  
 Number of GCLKs:                         4  out of     24    16%  

---------------------------
Partition Resource Summary:
---------------------------

  No Partitions were found in this design.

---------------------------


=========================================================================
TIMING REPORT

NOTE: THESE TIMING NUMBERS ARE ONLY A SYNTHESIS ESTIMATE.
      FOR ACCURATE TIMING INFORMATION PLEASE REFER TO THE TRACE REPORT
      GENERATED AFTER PLACE-and-ROUTE.

Clock Information:
------------------
-----------------------------------+------------------------+-------+
Clock Signal                       | Clock buffer(FF name)  | Load  |
-----------------------------------+------------------------+-------+
PB1                                | BUFGP                  | 4     |
PB2                                | BUFGP                  | 4     |
PB3                                | BUFGP                  | 4     |
PB4                                | BUFGP                  | 4     |
-----------------------------------+------------------------+-------+

Asynchronous Control Signals Information:
----------------------------------------
No asynchronous control signals found in this design

Timing Summary:
---------------
Speed Grade: -4

   Minimum period: No path found
   Minimum input arrival time before clock: 2.113ns
   Maximum output required time after clock: 9.341ns
   Maximum combinational path delay: No path found

Timing Detail:
--------------
All values displayed in nanoseconds (ns)

=========================================================================
Timing constraint: Default OFFSET IN BEFORE for Clock 'PB1'
  Total number of paths / destination ports: 4 / 4
-------------------------------------------------------------------------
Offset:              2.113ns (Levels of Logic = 1)
  Source:            Y<3> (PAD)
  Destination:       A_3 (FF)
  Destination Clock: PB1 rising

  Data Path: Y<3> to A_3
                                Gate     Net
    Cell:in->out      fanout   Delay   Delay  Logical Name (Net Name)
    ----------------------------------------  ------------
     IBUF:I->O             4   1.218   0.587  Y_3_IBUF (Y_3_IBUF)
     FD:D                      0.308          A_3
    ----------------------------------------
    Total                      2.113ns (1.526ns logic, 0.587ns route)
                                       (72.2% logic, 27.8% route)

=========================================================================
Timing constraint: Default OFFSET IN BEFORE for Clock 'PB2'
  Total number of paths / destination ports: 4 / 4
-------------------------------------------------------------------------
Offset:              2.113ns (Levels of Logic = 1)
  Source:            Y<1> (PAD)
  Destination:       A_5 (FF)
  Destination Clock: PB2 rising

  Data Path: Y<1> to A_5
                                Gate     Net
    Cell:in->out      fanout   Delay   Delay  Logical Name (Net Name)
    ----------------------------------------  ------------
     IBUF:I->O             4   1.218   0.587  Y_1_IBUF (Y_1_IBUF)
     FD:D                      0.308          A_5
    ----------------------------------------
    Total                      2.113ns (1.526ns logic, 0.587ns route)
                                       (72.2% logic, 27.8% route)

=========================================================================
Timing constraint: Default OFFSET IN BEFORE for Clock 'PB3'
  Total number of paths / destination ports: 4 / 4
-------------------------------------------------------------------------
Offset:              2.113ns (Levels of Logic = 1)
  Source:            Y<2> (PAD)
  Destination:       B_2 (FF)
  Destination Clock: PB3 rising

  Data Path: Y<2> to B_2
                                Gate     Net
    Cell:in->out      fanout   Delay   Delay  Logical Name (Net Name)
    ----------------------------------------  ------------
     IBUF:I->O             4   1.218   0.587  Y_2_IBUF (Y_2_IBUF)
     FD:D                      0.308          B_2
    ----------------------------------------
    Total                      2.113ns (1.526ns logic, 0.587ns route)
                                       (72.2% logic, 27.8% route)

=========================================================================
Timing constraint: Default OFFSET IN BEFORE for Clock 'PB4'
  Total number of paths / destination ports: 4 / 4
-------------------------------------------------------------------------
Offset:              2.113ns (Levels of Logic = 1)
  Source:            Y<3> (PAD)
  Destination:       B_7 (FF)
  Destination Clock: PB4 rising

  Data Path: Y<3> to B_7
                                Gate     Net
    Cell:in->out      fanout   Delay   Delay  Logical Name (Net Name)
    ----------------------------------------  ------------
     IBUF:I->O             4   1.218   0.587  Y_3_IBUF (Y_3_IBUF)
     FD:D                      0.308          B_7
    ----------------------------------------
    Total                      2.113ns (1.526ns logic, 0.587ns route)
                                       (72.2% logic, 27.8% route)

=========================================================================
Timing constraint: Default OFFSET OUT AFTER for Clock 'PB4'
  Total number of paths / destination ports: 16 / 2
-------------------------------------------------------------------------
Offset:              9.245ns (Levels of Logic = 5)
  Source:            B_4 (FF)
  Destination:       Z<1> (PAD)
  Source Clock:      PB4 rising

  Data Path: B_4 to Z<1>
                                Gate     Net
    Cell:in->out      fanout   Delay   Delay  Logical Name (Net Name)
    ----------------------------------------  ------------
     FD:C->Q               2   0.591   0.526  B_4 (B_4)
     LUT4:I1->O            1   0.704   0.499  CA3/z_1_or000043 (CA3/z_1_or000043)
     LUT3:I1->O            2   0.704   0.526  CA3/z_1_or000070_SW0 (N21)
     LUT3:I1->O            1   0.704   0.595  CA3/z_1_or000070 (temp<3><1>)
     LUT4:I0->O            1   0.704   0.420  CA7/z_1_or0000100 (Z_1_OBUF)
     OBUF:I->O                 3.272          Z_1_OBUF (Z<1>)
    ----------------------------------------
    Total                      9.245ns (6.679ns logic, 2.566ns route)
                                       (72.2% logic, 27.8% route)

=========================================================================
Timing constraint: Default OFFSET OUT AFTER for Clock 'PB2'
  Total number of paths / destination ports: 16 / 2
-------------------------------------------------------------------------
Offset:              9.341ns (Levels of Logic = 5)
  Source:            A_5 (FF)
  Destination:       Z<1> (PAD)
  Source Clock:      PB2 rising

  Data Path: A_5 to Z<1>
                                Gate     Net
    Cell:in->out      fanout   Delay   Delay  Logical Name (Net Name)
    ----------------------------------------  ------------
     FD:C->Q               2   0.591   0.622  A_5 (A_5)
     LUT4:I0->O            1   0.704   0.499  CA3/z_1_or000043 (CA3/z_1_or000043)
     LUT3:I1->O            2   0.704   0.526  CA3/z_1_or000070_SW0 (N21)
     LUT3:I1->O            1   0.704   0.595  CA3/z_1_or000070 (temp<3><1>)
     LUT4:I0->O            1   0.704   0.420  CA7/z_1_or0000100 (Z_1_OBUF)
     OBUF:I->O                 3.272          Z_1_OBUF (Z<1>)
    ----------------------------------------
    Total                      9.341ns (6.679ns logic, 2.662ns route)
                                       (71.5% logic, 28.5% route)

=========================================================================
Timing constraint: Default OFFSET OUT AFTER for Clock 'PB1'
  Total number of paths / destination ports: 10 / 2
-------------------------------------------------------------------------
Offset:              7.980ns (Levels of Logic = 4)
  Source:            A_3 (FF)
  Destination:       Z<0> (PAD)
  Source Clock:      PB1 rising

  Data Path: A_3 to Z<0>
                                Gate     Net
    Cell:in->out      fanout   Delay   Delay  Logical Name (Net Name)
    ----------------------------------------  ------------
     FD:C->Q               3   0.591   0.706  A_3 (A_3)
     LUT4:I0->O            1   0.704   0.424  CA7/z_0_and000256 (CA7/z_0_and000256)
     LUT4:I3->O            1   0.704   0.455  CA7/z_0_and000273_SW0 (N27)
     LUT4:I2->O            1   0.704   0.420  CA7/z_0_and000273 (Z_0_OBUF)
     OBUF:I->O                 3.272          Z_0_OBUF (Z<0>)
    ----------------------------------------
    Total                      7.980ns (5.975ns logic, 2.005ns route)
                                       (74.9% logic, 25.1% route)

=========================================================================
Timing constraint: Default OFFSET OUT AFTER for Clock 'PB3'
  Total number of paths / destination ports: 10 / 2
-------------------------------------------------------------------------
Offset:              7.884ns (Levels of Logic = 4)
  Source:            B_3 (FF)
  Destination:       Z<0> (PAD)
  Source Clock:      PB3 rising

  Data Path: B_3 to Z<0>
                                Gate     Net
    Cell:in->out      fanout   Delay   Delay  Logical Name (Net Name)
    ----------------------------------------  ------------
     FD:C->Q               3   0.591   0.610  B_3 (B_3)
     LUT4:I1->O            1   0.704   0.424  CA7/z_0_and000256 (CA7/z_0_and000256)
     LUT4:I3->O            1   0.704   0.455  CA7/z_0_and000273_SW0 (N27)
     LUT4:I2->O            1   0.704   0.420  CA7/z_0_and000273 (Z_0_OBUF)
     OBUF:I->O                 3.272          Z_0_OBUF (Z<0>)
    ----------------------------------------
    Total                      7.884ns (5.975ns logic, 1.909ns route)
                                       (75.8% logic, 24.2% route)

=========================================================================


Total REAL time to Xst completion: 7.00 secs
Total CPU time to Xst completion: 6.49 secs
 
--> 


Total memory usage is 514752 kilobytes

Number of errors   :    0 (   0 filtered)
Number of warnings :    0 (   0 filtered)
Number of infos    :    0 (   0 filtered)

