
****** PlanAhead v14.7 (64-bit)
  **** Build 321239 by xbuild on Fri Sep 27 19:24:36 MDT 2013
    ** Copyright 1986-1999, 2001-2013 Xilinx, Inc. All Rights Reserved.

INFO: [Common 17-78] Attempting to get a license: PlanAhead
WARNING: [Common 17-301] Failed to get a license: PlanAhead
INFO: [Device 21-36] Loading parts and site information from /home/vinayak/Desktop/CS220/14.7/ISE_DS/PlanAhead/data/parts/arch.xml
Parsing RTL primitives file [/home/vinayak/Desktop/CS220/14.7/ISE_DS/PlanAhead/data/parts/xilinx/rtl/prims/rtl_prims.xml]
Finished parsing RTL primitives file [/home/vinayak/Desktop/CS220/14.7/ISE_DS/PlanAhead/data/parts/xilinx/rtl/prims/rtl_prims.xml]
start_gui
Failed to create the layout directory: '/home/vinayak/.Xilinx/PlanAhead/14.7/layouts/application'
INFO: [Common 17-78] Attempting to get a license: PlanAhead
WARNING: [Common 17-301] Failed to get a license: PlanAhead
source /home/vinayak/Desktop/CS220/4.1/rotatory_shaft/pa.fromHdl.tcl
# create_project -name rotatory_shaft -dir "/home/vinayak/Desktop/CS220/4.1/rotatory_shaft/planAhead_run_2" -part xc3s500efg320-4
# set_param project.pinAheadLayout yes
# set srcset [get_property srcset [current_run -impl]]
# set_property target_constrs_file "rotatory_shaft.ucf" [current_fileset -constrset]
Adding file '/home/vinayak/Desktop/CS220/4.1/rotatory_shaft/rotatory_shaft.ucf' to fileset 'constrs_1'
# set hdlfile [add_files [list {check.v}]]
# set_property file_type Verilog $hdlfile
# set_property library work $hdlfile
# set hdlfile [add_files [list {rotatory_shaft.v}]]
# set_property file_type Verilog $hdlfile
# set_property library work $hdlfile
# set_property top rotatory_shaft $srcset
# add_files [list {rotatory_shaft.ucf}] -fileset [get_property constrset [current_run]]
# open_rtl_design -part xc3s500efg320-4
Using Verific elaboration
Parsing VHDL file "/home/vinayak/Desktop/CS220/14.7/ISE_DS/PlanAhead/data/parts/xilinx/rtl/lib/synplify/synattr.vhd" into library synplify
Analyzing Verilog file "/home/vinayak/Desktop/CS220/4.1/rotatory_shaft/check.v" into library work
Analyzing Verilog file "/home/vinayak/Desktop/CS220/4.1/rotatory_shaft/rotatory_shaft.v" into library work
INFO: [Designutils 20-910] Reading macro library /home/vinayak/Desktop/CS220/14.7/ISE_DS/PlanAhead/data/./parts/xilinx/spartan3e/spartan3e/hd_int_macros.edn
Parsing EDIF File [/home/vinayak/Desktop/CS220/14.7/ISE_DS/PlanAhead/data/./parts/xilinx/spartan3e/spartan3e/hd_int_macros.edn]
Finished Parsing EDIF File [/home/vinayak/Desktop/CS220/14.7/ISE_DS/PlanAhead/data/./parts/xilinx/spartan3e/spartan3e/hd_int_macros.edn]
Loading clock regions from /home/vinayak/Desktop/CS220/14.7/ISE_DS/PlanAhead/data/parts/xilinx/spartan3e/spartan3e/xc3s500e/ClockRegion.xml
Loading clock buffers from /home/vinayak/Desktop/CS220/14.7/ISE_DS/PlanAhead/data/parts/xilinx/spartan3e/spartan3e/xc3s500e/ClockBuffers.xml
Loading package from /home/vinayak/Desktop/CS220/14.7/ISE_DS/PlanAhead/data/parts/xilinx/spartan3e/spartan3e/xc3s500e/fg320/Package.xml
Loading io standards from /home/vinayak/Desktop/CS220/14.7/ISE_DS/PlanAhead/data/./parts/xilinx/spartan3e/IOStandards.xml
INFO: [Device 21-19] Loading pkg sso from /home/vinayak/Desktop/CS220/14.7/ISE_DS/PlanAhead/data/parts/xilinx/spartan3e/spartan3e/xc3s500e/fg320/SSORules.xml
Loading list of drcs for the architecture : /home/vinayak/Desktop/CS220/14.7/ISE_DS/PlanAhead/data/./parts/xilinx/spartan3e/spartan3e/drc.xml
INFO: [Timing 38-77] Reading timing library /home/vinayak/Desktop/CS220/14.7/ISE_DS/PlanAhead/data/parts/xilinx/spartan3e/spartan3e/spartan3e-4.lib.
INFO: [Timing 38-34] Done reading timing library /home/vinayak/Desktop/CS220/14.7/ISE_DS/PlanAhead/data/parts/xilinx/spartan3e/spartan3e/spartan3e-4.lib.
Parsing UCF File [/home/vinayak/Desktop/CS220/4.1/rotatory_shaft/rotatory_shaft.ucf]
Finished Parsing UCF File [/home/vinayak/Desktop/CS220/4.1/rotatory_shaft/rotatory_shaft.ucf]
INFO: [Project 1-111] Unisim Transformation Summary:
No Unisim elements were transformed.

Phase 0 | Netlist Checksum: a8b6d10e
open_rtl_design: Time (s): cpu = 00:00:12 ; elapsed = 00:00:10 . Memory (MB): peak = 2855.805 ; gain = 110.809
update_compile_order -fileset sim_1
Exiting PlanAhead...
